[2024-06-12 10:38:03] DEBUG 136 statementLog - {conn-10001, stmt-20000} created
[2024-06-12 10:38:03] DEBUG 136 statementLog - {conn-10001, stmt-20000, rs-50000} query executed. 333.241 millis. SELECT 1 FROM DUAL
[2024-06-12 10:38:03] DEBUG 136 statementLog - {conn-10001, stmt-20000} closed
[2024-06-12 10:38:04] DEBUG 136 statementLog - {conn-10002, stmt-20001} created
[2024-06-12 10:38:04] DEBUG 136 statementLog - {conn-10002, stmt-20001, rs-50001} query executed. 33.0004 millis. SELECT 1 FROM DUAL
[2024-06-12 10:38:04] DEBUG 136 statementLog - {conn-10002, stmt-20001} closed
[2024-06-12 10:38:04] DEBUG 136 statementLog - {conn-10003, stmt-20002} created
[2024-06-12 10:38:04] DEBUG 136 statementLog - {conn-10003, stmt-20002, rs-50002} query executed. 34.3203 millis. SELECT 1 FROM DUAL
[2024-06-12 10:38:04] DEBUG 136 statementLog - {conn-10003, stmt-20002} closed
[2024-06-12 10:38:04] DEBUG 136 statementLog - {conn-10004, stmt-20003} created
[2024-06-12 10:38:04] DEBUG 136 statementLog - {conn-10004, stmt-20003, rs-50003} query executed. 35.9532 millis. SELECT 1 FROM DUAL
[2024-06-12 10:38:04] DEBUG 136 statementLog - {conn-10004, stmt-20003} closed
[2024-06-12 10:38:05] DEBUG 136 statementLog - {conn-10005, stmt-20004} created
[2024-06-12 10:38:05] DEBUG 136 statementLog - {conn-10005, stmt-20004, rs-50004} query executed. 31.7132 millis. SELECT 1 FROM DUAL
[2024-06-12 10:38:05] DEBUG 136 statementLog - {conn-10005, stmt-20004} closed
[2024-06-12 10:38:05] DEBUG 136 statementLog - {conn-10005, pstmt-20005} created. SELECT  tel_id,password,name,province,city  FROM inspector 
 
 WHERE (tel_id = ? AND password = ?)
[2024-06-12 10:38:05] DEBUG 136 statementLog - {conn-10005, pstmt-20005} Parameters : [string, string]
[2024-06-12 10:38:05] DEBUG 136 statementLog - {conn-10005, pstmt-20005} Types : [VARCHAR, VARCHAR]
[2024-06-12 10:38:05] DEBUG 136 statementLog - {conn-10005, pstmt-20005} executed. 36.6114 millis. SELECT  tel_id,password,name,province,city  FROM inspector 
 
 WHERE (tel_id = ? AND password = ?)
[2024-06-12 10:38:05] DEBUG 136 statementLog - {conn-10005, pstmt-20005} clearParameters. 
[2024-06-12 10:38:05] DEBUG 136 statementLog - {conn-10005, stmt-20005} clearBatch. 
[2024-06-12 10:39:34] DEBUG 136 statementLog - {conn-10005, stmt-20006} created
[2024-06-12 10:39:34] DEBUG 136 statementLog - {conn-10005, stmt-20006, rs-50006} query executed. 35.9291 millis. SELECT 1 FROM DUAL
[2024-06-12 10:39:34] DEBUG 136 statementLog - {conn-10005, stmt-20006} closed
[2024-06-12 10:39:34] DEBUG 136 statementLog - {conn-10005, pstmt-20007} created. SELECT  information_id,province,city,community,pollution_level,date,time,state,supervisor_id,inspector_id,feedback,deleted  FROM information
[2024-06-12 10:39:34] DEBUG 136 statementLog - {conn-10005, pstmt-20007} Parameters : []
[2024-06-12 10:39:34] DEBUG 136 statementLog - {conn-10005, pstmt-20007} Types : []
[2024-06-12 10:39:34] DEBUG 136 statementLog - {conn-10005, pstmt-20007} executed. 40.6942 millis. SELECT  information_id,province,city,community,pollution_level,date,time,state,supervisor_id,inspector_id,feedback,deleted  FROM information
[2024-06-12 10:39:34] DEBUG 136 statementLog - {conn-10005, pstmt-20007} clearParameters. 
[2024-06-12 10:39:34] DEBUG 136 statementLog - {conn-10005, stmt-20007} clearBatch. 
[2024-06-12 10:40:10] DEBUG 136 statementLog - {conn-10005, pstmt-20005} Parameters : [string, string]
[2024-06-12 10:40:10] DEBUG 136 statementLog - {conn-10005, pstmt-20005} Types : [VARCHAR, VARCHAR]
[2024-06-12 10:40:10] DEBUG 136 statementLog - {conn-10005, pstmt-20005} executed. 159.8227 millis. SELECT  tel_id,password,name,province,city  FROM inspector 
 
 WHERE (tel_id = ? AND password = ?)
[2024-06-12 10:40:10] DEBUG 136 statementLog - {conn-10005, pstmt-20005} clearParameters. 
[2024-06-12 10:40:10] DEBUG 136 statementLog - {conn-10005, stmt-20005} clearBatch. 
[2024-06-12 10:41:04] DEBUG 136 statementLog - {conn-10005, pstmt-20007} closed
[2024-06-12 10:41:04] DEBUG 136 statementLog - {conn-10005, pstmt-20005} closed
[2024-06-12 10:46:53] DEBUG 136 statementLog - {conn-10001, stmt-20000} created
[2024-06-12 10:46:53] DEBUG 136 statementLog - {conn-10001, stmt-20000, rs-50000} query executed. 126.4505 millis. SELECT 1 FROM DUAL
[2024-06-12 10:46:53] DEBUG 136 statementLog - {conn-10001, stmt-20000} closed
[2024-06-12 10:46:53] DEBUG 136 statementLog - {conn-10002, stmt-20001} created
[2024-06-12 10:46:53] DEBUG 136 statementLog - {conn-10002, stmt-20001, rs-50001} query executed. 29.3543 millis. SELECT 1 FROM DUAL
[2024-06-12 10:46:53] DEBUG 136 statementLog - {conn-10002, stmt-20001} closed
[2024-06-12 10:46:54] DEBUG 136 statementLog - {conn-10003, stmt-20002} created
[2024-06-12 10:46:54] DEBUG 136 statementLog - {conn-10003, stmt-20002, rs-50002} query executed. 40.9246 millis. SELECT 1 FROM DUAL
[2024-06-12 10:46:54] DEBUG 136 statementLog - {conn-10003, stmt-20002} closed
[2024-06-12 10:46:54] DEBUG 136 statementLog - {conn-10004, stmt-20003} created
[2024-06-12 10:46:54] DEBUG 136 statementLog - {conn-10004, stmt-20003, rs-50003} query executed. 43.3972 millis. SELECT 1 FROM DUAL
[2024-06-12 10:46:54] DEBUG 136 statementLog - {conn-10004, stmt-20003} closed
[2024-06-12 10:46:55] DEBUG 136 statementLog - {conn-10005, stmt-20004} created
[2024-06-12 10:46:55] DEBUG 136 statementLog - {conn-10005, stmt-20004, rs-50004} query executed. 31.7746 millis. SELECT 1 FROM DUAL
[2024-06-12 10:46:55] DEBUG 136 statementLog - {conn-10005, stmt-20004} closed
[2024-06-12 10:46:55] DEBUG 136 statementLog - {conn-10005, pstmt-20005} created. SELECT  admin_id,admin_code,password,remarks  FROM admins 
 
 WHERE (admin_code = ? AND password = ?)
[2024-06-12 10:46:55] DEBUG 136 statementLog - {conn-10005, pstmt-20005} Parameters : [string, string]
[2024-06-12 10:46:55] DEBUG 136 statementLog - {conn-10005, pstmt-20005} Types : [VARCHAR, VARCHAR]
[2024-06-12 10:46:55] DEBUG 136 statementLog - {conn-10005, pstmt-20005} executed. 58.2146 millis. SELECT  admin_id,admin_code,password,remarks  FROM admins 
 
 WHERE (admin_code = ? AND password = ?)
[2024-06-12 10:46:55] DEBUG 136 statementLog - {conn-10005, pstmt-20005} clearParameters. 
[2024-06-12 10:46:55] DEBUG 136 statementLog - {conn-10005, stmt-20005} clearBatch. 
[2024-06-12 10:47:21] DEBUG 136 statementLog - {conn-10005, pstmt-20006} created. SELECT  tel_id,password,name,province,city  FROM inspector 
 
 WHERE (tel_id = ? AND password = ?)
[2024-06-12 10:47:21] DEBUG 136 statementLog - {conn-10005, pstmt-20006} Parameters : [string, string]
[2024-06-12 10:47:21] DEBUG 136 statementLog - {conn-10005, pstmt-20006} Types : [VARCHAR, VARCHAR]
[2024-06-12 10:47:21] DEBUG 136 statementLog - {conn-10005, pstmt-20006} executed. 47.6223 millis. SELECT  tel_id,password,name,province,city  FROM inspector 
 
 WHERE (tel_id = ? AND password = ?)
[2024-06-12 10:47:21] DEBUG 136 statementLog - {conn-10005, pstmt-20006} clearParameters. 
[2024-06-12 10:47:21] DEBUG 136 statementLog - {conn-10005, stmt-20006} clearBatch. 
[2024-06-12 10:48:16] DEBUG 136 statementLog - {conn-10005, pstmt-20006} Parameters : [222222, 123456]
[2024-06-12 10:48:16] DEBUG 136 statementLog - {conn-10005, pstmt-20006} Types : [VARCHAR, VARCHAR]
[2024-06-12 10:48:16] DEBUG 136 statementLog - {conn-10005, pstmt-20006} executed. 107.1721 millis. SELECT  tel_id,password,name,province,city  FROM inspector 
 
 WHERE (tel_id = ? AND password = ?)
[2024-06-12 10:48:16] DEBUG 136 statementLog - {conn-10005, pstmt-20006} clearParameters. 
[2024-06-12 10:48:16] DEBUG 136 statementLog - {conn-10005, stmt-20006} clearBatch. 
[2024-06-12 10:48:27] DEBUG 136 statementLog - {conn-10005, pstmt-20006} Parameters : [222222, 123456]
[2024-06-12 10:48:27] DEBUG 136 statementLog - {conn-10005, pstmt-20006} Types : [VARCHAR, VARCHAR]
[2024-06-12 10:48:27] DEBUG 136 statementLog - {conn-10005, pstmt-20006} executed. 41.1536 millis. SELECT  tel_id,password,name,province,city  FROM inspector 
 
 WHERE (tel_id = ? AND password = ?)
[2024-06-12 10:48:27] DEBUG 136 statementLog - {conn-10005, pstmt-20006} clearParameters. 
[2024-06-12 10:48:27] DEBUG 136 statementLog - {conn-10005, stmt-20006} clearBatch. 
[2024-06-12 11:00:08] DEBUG 136 statementLog - {conn-10005, stmt-20007} created
[2024-06-12 11:00:18] ERROR 151 statementLogError - {conn-10005, stmt-20007} execute error. SELECT 1 FROM DUAL com.mysql.cj.jdbc.exceptions.CommunicationsException: Communications link failure

The last packet successfully received from the server was 711,323 milliseconds ago. The last packet sent successfully to the server was 711,363 milliseconds ago.
	at com.mysql.cj.jdbc.exceptions.SQLError.createCommunicationsException(SQLError.java:174) ~[mysql-connector-j-8.0.32.jar:8.0.32]
	at com.mysql.cj.jdbc.exceptions.SQLExceptionsMapping.translateException(SQLExceptionsMapping.java:64) ~[mysql-connector-j-8.0.32.jar:8.0.32]
	at com.mysql.cj.jdbc.StatementImpl.executeQuery(StatementImpl.java:1200) ~[mysql-connector-j-8.0.32.jar:8.0.32]
	at com.alibaba.druid.filter.FilterChainImpl.statement_executeQuery(FilterChainImpl.java:2866) ~[druid-1.2.16.jar:?]
	at com.alibaba.druid.filter.FilterAdapter.statement_executeQuery(FilterAdapter.java:2513) ~[druid-1.2.16.jar:?]
	at com.alibaba.druid.filter.FilterEventAdapter.statement_executeQuery(FilterEventAdapter.java:296) ~[druid-1.2.16.jar:?]
	at com.alibaba.druid.filter.FilterChainImpl.statement_executeQuery(FilterChainImpl.java:2863) ~[druid-1.2.16.jar:?]
	at com.alibaba.druid.wall.WallFilter.statement_executeQuery(WallFilter.java:546) ~[druid-1.2.16.jar:?]
	at com.alibaba.druid.filter.FilterChainImpl.statement_executeQuery(FilterChainImpl.java:2863) ~[druid-1.2.16.jar:?]
	at com.alibaba.druid.filter.FilterAdapter.statement_executeQuery(FilterAdapter.java:2513) ~[druid-1.2.16.jar:?]
	at com.alibaba.druid.filter.FilterEventAdapter.statement_executeQuery(FilterEventAdapter.java:296) ~[druid-1.2.16.jar:?]
	at com.alibaba.druid.filter.FilterChainImpl.statement_executeQuery(FilterChainImpl.java:2863) ~[druid-1.2.16.jar:?]
	at com.alibaba.druid.proxy.jdbc.StatementProxyImpl.executeQuery(StatementProxyImpl.java:215) ~[druid-1.2.16.jar:?]
	at com.alibaba.druid.pool.vendor.MySqlValidConnectionChecker.isValidConnection(MySqlValidConnectionChecker.java:140) ~[druid-1.2.16.jar:?]
	at com.alibaba.druid.pool.DruidAbstractDataSource.testConnectionInternal(DruidAbstractDataSource.java:1518) ~[druid-1.2.16.jar:?]
	at com.alibaba.druid.pool.DruidDataSource.getConnectionDirect(DruidDataSource.java:1525) ~[druid-1.2.16.jar:?]
	at com.alibaba.druid.filter.FilterChainImpl.dataSource_connect(FilterChainImpl.java:5058) ~[druid-1.2.16.jar:?]
	at com.alibaba.druid.filter.logging.LogFilter.dataSource_getConnection(LogFilter.java:909) ~[druid-1.2.16.jar:?]
	at com.alibaba.druid.filter.FilterChainImpl.dataSource_connect(FilterChainImpl.java:5054) ~[druid-1.2.16.jar:?]
	at com.alibaba.druid.filter.FilterAdapter.dataSource_getConnection(FilterAdapter.java:2759) ~[druid-1.2.16.jar:?]
	at com.alibaba.druid.filter.FilterChainImpl.dataSource_connect(FilterChainImpl.java:5054) ~[druid-1.2.16.jar:?]
	at com.alibaba.druid.filter.stat.StatFilter.dataSource_getConnection(StatFilter.java:704) ~[druid-1.2.16.jar:?]
	at com.alibaba.druid.filter.FilterChainImpl.dataSource_connect(FilterChainImpl.java:5054) ~[druid-1.2.16.jar:?]
	at com.alibaba.druid.pool.DruidDataSource.getConnection(DruidDataSource.java:1448) ~[druid-1.2.16.jar:?]
	at com.alibaba.druid.pool.DruidDataSource.getConnection(DruidDataSource.java:1440) ~[druid-1.2.16.jar:?]
	at com.alibaba.druid.pool.DruidDataSource.getConnection(DruidDataSource.java:83) ~[druid-1.2.16.jar:?]
	at org.springframework.jdbc.datasource.DataSourceUtils.fetchConnection(DataSourceUtils.java:160) ~[spring-jdbc-5.3.29.jar:5.3.29]
	at org.springframework.jdbc.datasource.DataSourceUtils.doGetConnection(DataSourceUtils.java:118) ~[spring-jdbc-5.3.29.jar:5.3.29]
	at org.springframework.jdbc.datasource.DataSourceUtils.getConnection(DataSourceUtils.java:81) ~[spring-jdbc-5.3.29.jar:5.3.29]
	at org.mybatis.spring.transaction.SpringManagedTransaction.openConnection(SpringManagedTransaction.java:80) ~[mybatis-spring-2.0.6.jar:2.0.6]
	at org.mybatis.spring.transaction.SpringManagedTransaction.getConnection(SpringManagedTransaction.java:67) ~[mybatis-spring-2.0.6.jar:2.0.6]
	at org.apache.ibatis.executor.BaseExecutor.getConnection(BaseExecutor.java:337) ~[mybatis-3.5.9.jar:3.5.9]
	at org.apache.ibatis.executor.SimpleExecutor.prepareStatement(SimpleExecutor.java:86) ~[mybatis-3.5.9.jar:3.5.9]
	at org.apache.ibatis.executor.SimpleExecutor.doQuery(SimpleExecutor.java:62) ~[mybatis-3.5.9.jar:3.5.9]
	at org.apache.ibatis.executor.BaseExecutor.queryFromDatabase(BaseExecutor.java:325) ~[mybatis-3.5.9.jar:3.5.9]
	at org.apache.ibatis.executor.BaseExecutor.query(BaseExecutor.java:156) ~[mybatis-3.5.9.jar:3.5.9]
	at org.apache.ibatis.executor.CachingExecutor.query(CachingExecutor.java:109) ~[mybatis-3.5.9.jar:3.5.9]
	at com.baomidou.mybatisplus.extension.plugins.MybatisPlusInterceptor.intercept(MybatisPlusInterceptor.java:81) ~[mybatis-plus-extension-3.5.1.jar:3.5.1]
	at org.apache.ibatis.plugin.Plugin.invoke(Plugin.java:62) ~[mybatis-3.5.9.jar:3.5.9]
	at com.sun.proxy.$Proxy137.query(Unknown Source) ~[?:?]
	at org.apache.ibatis.session.defaults.DefaultSqlSession.selectList(DefaultSqlSession.java:151) ~[mybatis-3.5.9.jar:3.5.9]
	at org.apache.ibatis.session.defaults.DefaultSqlSession.selectList(DefaultSqlSession.java:145) ~[mybatis-3.5.9.jar:3.5.9]
	at org.apache.ibatis.session.defaults.DefaultSqlSession.selectList(DefaultSqlSession.java:140) ~[mybatis-3.5.9.jar:3.5.9]
	at sun.reflect.NativeMethodAccessorImpl.invoke0(Native Method) ~[?:1.8.0_144]
	at sun.reflect.NativeMethodAccessorImpl.invoke(NativeMethodAccessorImpl.java:62) ~[?:1.8.0_144]
	at sun.reflect.DelegatingMethodAccessorImpl.invoke(DelegatingMethodAccessorImpl.java:43) ~[?:1.8.0_144]
	at java.lang.reflect.Method.invoke(Method.java:498) ~[?:1.8.0_144]
	at org.mybatis.spring.SqlSessionTemplate$SqlSessionInterceptor.invoke(SqlSessionTemplate.java:427) ~[mybatis-spring-2.0.6.jar:2.0.6]
	at com.sun.proxy.$Proxy103.selectList(Unknown Source) ~[?:?]
	at org.mybatis.spring.SqlSessionTemplate.selectList(SqlSessionTemplate.java:224) ~[mybatis-spring-2.0.6.jar:2.0.6]
	at com.baomidou.mybatisplus.core.override.MybatisMapperMethod.executeForMany(MybatisMapperMethod.java:166) ~[mybatis-plus-core-3.5.1.jar:3.5.1]
	at com.baomidou.mybatisplus.core.override.MybatisMapperMethod.execute(MybatisMapperMethod.java:77) ~[mybatis-plus-core-3.5.1.jar:3.5.1]
	at com.baomidou.mybatisplus.core.override.MybatisMapperProxy$PlainMethodInvoker.invoke(MybatisMapperProxy.java:148) ~[mybatis-plus-core-3.5.1.jar:3.5.1]
	at com.baomidou.mybatisplus.core.override.MybatisMapperProxy.invoke(MybatisMapperProxy.java:89) ~[mybatis-plus-core-3.5.1.jar:3.5.1]
	at com.sun.proxy.$Proxy104.selectList(Unknown Source) ~[?:?]
	at com.baomidou.mybatisplus.core.mapper.BaseMapper.selectOne(BaseMapper.java:173) ~[mybatis-plus-core-3.5.1.jar:3.5.1]
	at java.lang.invoke.MethodHandle.invokeWithArguments(MethodHandle.java:627) ~[?:1.8.0_144]
	at com.baomidou.mybatisplus.core.override.MybatisMapperProxy$DefaultMethodInvoker.invoke(MybatisMapperProxy.java:162) ~[mybatis-plus-core-3.5.1.jar:3.5.1]
	at com.baomidou.mybatisplus.core.override.MybatisMapperProxy.invoke(MybatisMapperProxy.java:89) ~[mybatis-plus-core-3.5.1.jar:3.5.1]
	at com.sun.proxy.$Proxy104.selectOne(Unknown Source) ~[?:?]
	at com.neusoft.neu6053.services.impl.AdminServiceImpl.loginAdmin(AdminServiceImpl.java:38) ~[classes/:?]
	at com.neusoft.neu6053.services.impl.AdminServiceImpl$$FastClassBySpringCGLIB$$3dca99af.invoke(<generated>) ~[classes/:?]
	at org.springframework.cglib.proxy.MethodProxy.invoke(MethodProxy.java:218) ~[spring-core-5.3.29.jar:5.3.29]
	at org.springframework.aop.framework.CglibAopProxy.invokeMethod(CglibAopProxy.java:386) ~[spring-aop-5.3.29.jar:5.3.29]
	at org.springframework.aop.framework.CglibAopProxy.access$000(CglibAopProxy.java:85) ~[spring-aop-5.3.29.jar:5.3.29]
	at org.springframework.aop.framework.CglibAopProxy$DynamicAdvisedInterceptor.intercept(CglibAopProxy.java:704) ~[spring-aop-5.3.29.jar:5.3.29]
	at com.neusoft.neu6053.services.impl.AdminServiceImpl$$EnhancerBySpringCGLIB$$e6c853e2.loginAdmin(<generated>) ~[classes/:?]
	at com.neusoft.neu6053.controller.AdminController.login(AdminController.java:41) ~[classes/:?]
	at sun.reflect.NativeMethodAccessorImpl.invoke0(Native Method) ~[?:1.8.0_144]
	at sun.reflect.NativeMethodAccessorImpl.invoke(NativeMethodAccessorImpl.java:62) ~[?:1.8.0_144]
	at sun.reflect.DelegatingMethodAccessorImpl.invoke(DelegatingMethodAccessorImpl.java:43) ~[?:1.8.0_144]
	at java.lang.reflect.Method.invoke(Method.java:498) ~[?:1.8.0_144]
	at org.springframework.web.method.support.InvocableHandlerMethod.doInvoke(InvocableHandlerMethod.java:205) ~[spring-web-5.3.29.jar:5.3.29]
	at org.springframework.web.method.support.InvocableHandlerMethod.invokeForRequest(InvocableHandlerMethod.java:150) ~[spring-web-5.3.29.jar:5.3.29]
	at org.springframework.web.servlet.mvc.method.annotation.ServletInvocableHandlerMethod.invokeAndHandle(ServletInvocableHandlerMethod.java:117) ~[spring-webmvc-5.3.29.jar:5.3.29]
	at org.springframework.web.servlet.mvc.method.annotation.RequestMappingHandlerAdapter.invokeHandlerMethod(RequestMappingHandlerAdapter.java:895) ~[spring-webmvc-5.3.29.jar:5.3.29]
	at org.springframework.web.servlet.mvc.method.annotation.RequestMappingHandlerAdapter.handleInternal(RequestMappingHandlerAdapter.java:808) ~[spring-webmvc-5.3.29.jar:5.3.29]
	at org.springframework.web.servlet.mvc.method.AbstractHandlerMethodAdapter.handle(AbstractHandlerMethodAdapter.java:87) ~[spring-webmvc-5.3.29.jar:5.3.29]
	at org.springframework.web.servlet.DispatcherServlet.doDispatch(DispatcherServlet.java:1072) ~[spring-webmvc-5.3.29.jar:5.3.29]
	at org.springframework.web.servlet.DispatcherServlet.doService(DispatcherServlet.java:965) ~[spring-webmvc-5.3.29.jar:5.3.29]
	at org.springframework.web.servlet.FrameworkServlet.processRequest(FrameworkServlet.java:1006) ~[spring-webmvc-5.3.29.jar:5.3.29]
	at org.springframework.web.servlet.FrameworkServlet.doPost(FrameworkServlet.java:909) ~[spring-webmvc-5.3.29.jar:5.3.29]
	at javax.servlet.http.HttpServlet.service(HttpServlet.java:555) ~[tomcat-embed-core-9.0.78.jar:4.0.FR]
	at org.springframework.web.servlet.FrameworkServlet.service(FrameworkServlet.java:883) ~[spring-webmvc-5.3.29.jar:5.3.29]
	at javax.servlet.http.HttpServlet.service(HttpServlet.java:623) ~[tomcat-embed-core-9.0.78.jar:4.0.FR]
	at org.apache.catalina.core.ApplicationFilterChain.internalDoFilter(ApplicationFilterChain.java:209) ~[tomcat-embed-core-9.0.78.jar:9.0.78]
	at org.apache.catalina.core.ApplicationFilterChain.doFilter(ApplicationFilterChain.java:153) ~[tomcat-embed-core-9.0.78.jar:9.0.78]
	at org.apache.tomcat.websocket.server.WsFilter.doFilter(WsFilter.java:51) ~[tomcat-embed-websocket-9.0.78.jar:9.0.78]
	at org.apache.catalina.core.ApplicationFilterChain.internalDoFilter(ApplicationFilterChain.java:178) ~[tomcat-embed-core-9.0.78.jar:9.0.78]
	at org.apache.catalina.core.ApplicationFilterChain.doFilter(ApplicationFilterChain.java:153) ~[tomcat-embed-core-9.0.78.jar:9.0.78]
	at com.alibaba.druid.support.http.WebStatFilter.doFilter(WebStatFilter.java:114) ~[druid-1.2.16.jar:?]
	at org.apache.catalina.core.ApplicationFilterChain.internalDoFilter(ApplicationFilterChain.java:178) ~[tomcat-embed-core-9.0.78.jar:9.0.78]
	at org.apache.catalina.core.ApplicationFilterChain.doFilter(ApplicationFilterChain.java:153) ~[tomcat-embed-core-9.0.78.jar:9.0.78]
	at org.springframework.web.filter.RequestContextFilter.doFilterInternal(RequestContextFilter.java:100) ~[spring-web-5.3.29.jar:5.3.29]
	at org.springframework.web.filter.OncePerRequestFilter.doFilter(OncePerRequestFilter.java:117) ~[spring-web-5.3.29.jar:5.3.29]
	at org.apache.catalina.core.ApplicationFilterChain.internalDoFilter(ApplicationFilterChain.java:178) ~[tomcat-embed-core-9.0.78.jar:9.0.78]
	at org.apache.catalina.core.ApplicationFilterChain.doFilter(ApplicationFilterChain.java:153) ~[tomcat-embed-core-9.0.78.jar:9.0.78]
	at org.springframework.web.filter.FormContentFilter.doFilterInternal(FormContentFilter.java:93) ~[spring-web-5.3.29.jar:5.3.29]
	at org.springframework.web.filter.OncePerRequestFilter.doFilter(OncePerRequestFilter.java:117) ~[spring-web-5.3.29.jar:5.3.29]
	at org.apache.catalina.core.ApplicationFilterChain.internalDoFilter(ApplicationFilterChain.java:178) ~[tomcat-embed-core-9.0.78.jar:9.0.78]
	at org.apache.catalina.core.ApplicationFilterChain.doFilter(ApplicationFilterChain.java:153) ~[tomcat-embed-core-9.0.78.jar:9.0.78]
	at org.springframework.web.filter.CharacterEncodingFilter.doFilterInternal(CharacterEncodingFilter.java:201) ~[spring-web-5.3.29.jar:5.3.29]
	at org.springframework.web.filter.OncePerRequestFilter.doFilter(OncePerRequestFilter.java:117) ~[spring-web-5.3.29.jar:5.3.29]
	at org.apache.catalina.core.ApplicationFilterChain.internalDoFilter(ApplicationFilterChain.java:178) ~[tomcat-embed-core-9.0.78.jar:9.0.78]
	at org.apache.catalina.core.ApplicationFilterChain.doFilter(ApplicationFilterChain.java:153) ~[tomcat-embed-core-9.0.78.jar:9.0.78]
	at org.apache.catalina.core.StandardWrapperValve.invoke(StandardWrapperValve.java:167) ~[tomcat-embed-core-9.0.78.jar:9.0.78]
	at org.apache.catalina.core.StandardContextValve.invoke(StandardContextValve.java:90) ~[tomcat-embed-core-9.0.78.jar:9.0.78]
	at org.apache.catalina.authenticator.AuthenticatorBase.invoke(AuthenticatorBase.java:481) ~[tomcat-embed-core-9.0.78.jar:9.0.78]
	at org.apache.catalina.core.StandardHostValve.invoke(StandardHostValve.java:130) ~[tomcat-embed-core-9.0.78.jar:9.0.78]
	at org.apache.catalina.valves.ErrorReportValve.invoke(ErrorReportValve.java:93) ~[tomcat-embed-core-9.0.78.jar:9.0.78]
	at org.apache.catalina.core.StandardEngineValve.invoke(StandardEngineValve.java:74) ~[tomcat-embed-core-9.0.78.jar:9.0.78]
	at org.apache.catalina.connector.CoyoteAdapter.service(CoyoteAdapter.java:343) ~[tomcat-embed-core-9.0.78.jar:9.0.78]
	at org.apache.coyote.http11.Http11Processor.service(Http11Processor.java:390) ~[tomcat-embed-core-9.0.78.jar:9.0.78]
	at org.apache.coyote.AbstractProcessorLight.process(AbstractProcessorLight.java:63) ~[tomcat-embed-core-9.0.78.jar:9.0.78]
	at org.apache.coyote.AbstractProtocol$ConnectionHandler.process(AbstractProtocol.java:926) ~[tomcat-embed-core-9.0.78.jar:9.0.78]
	at org.apache.tomcat.util.net.NioEndpoint$SocketProcessor.doRun(NioEndpoint.java:1791) ~[tomcat-embed-core-9.0.78.jar:9.0.78]
	at org.apache.tomcat.util.net.SocketProcessorBase.run(SocketProcessorBase.java:52) ~[tomcat-embed-core-9.0.78.jar:9.0.78]
	at org.apache.tomcat.util.threads.ThreadPoolExecutor.runWorker(ThreadPoolExecutor.java:1191) ~[tomcat-embed-core-9.0.78.jar:9.0.78]
	at org.apache.tomcat.util.threads.ThreadPoolExecutor$Worker.run(ThreadPoolExecutor.java:659) ~[tomcat-embed-core-9.0.78.jar:9.0.78]
	at org.apache.tomcat.util.threads.TaskThread$WrappingRunnable.run(TaskThread.java:61) ~[tomcat-embed-core-9.0.78.jar:9.0.78]
	at java.lang.Thread.run(Thread.java:748) ~[?:1.8.0_144]
Caused by: com.mysql.cj.exceptions.CJCommunicationsException: Communications link failure

The last packet successfully received from the server was 711,323 milliseconds ago. The last packet sent successfully to the server was 711,363 milliseconds ago.
	at sun.reflect.NativeConstructorAccessorImpl.newInstance0(Native Method) ~[?:1.8.0_144]
	at sun.reflect.NativeConstructorAccessorImpl.newInstance(NativeConstructorAccessorImpl.java:62) ~[?:1.8.0_144]
	at sun.reflect.DelegatingConstructorAccessorImpl.newInstance(DelegatingConstructorAccessorImpl.java:45) ~[?:1.8.0_144]
	at java.lang.reflect.Constructor.newInstance(Constructor.java:423) ~[?:1.8.0_144]
	at com.mysql.cj.exceptions.ExceptionFactory.createException(ExceptionFactory.java:61) ~[mysql-connector-j-8.0.32.jar:8.0.32]
	at com.mysql.cj.exceptions.ExceptionFactory.createException(ExceptionFactory.java:105) ~[mysql-connector-j-8.0.32.jar:8.0.32]
	at com.mysql.cj.exceptions.ExceptionFactory.createException(ExceptionFactory.java:151) ~[mysql-connector-j-8.0.32.jar:8.0.32]
	at com.mysql.cj.exceptions.ExceptionFactory.createCommunicationsException(ExceptionFactory.java:167) ~[mysql-connector-j-8.0.32.jar:8.0.32]
	at com.mysql.cj.protocol.a.NativeProtocol.readMessage(NativeProtocol.java:581) ~[mysql-connector-j-8.0.32.jar:8.0.32]
	at com.mysql.cj.protocol.a.NativeProtocol.checkErrorMessage(NativeProtocol.java:761) ~[mysql-connector-j-8.0.32.jar:8.0.32]
	at com.mysql.cj.protocol.a.NativeProtocol.sendCommand(NativeProtocol.java:700) ~[mysql-connector-j-8.0.32.jar:8.0.32]
	at com.mysql.cj.protocol.a.NativeProtocol.sendQueryPacket(NativeProtocol.java:1051) ~[mysql-connector-j-8.0.32.jar:8.0.32]
	at com.mysql.cj.protocol.a.NativeProtocol.sendQueryString(NativeProtocol.java:997) ~[mysql-connector-j-8.0.32.jar:8.0.32]
	at com.mysql.cj.NativeSession.execSQL(NativeSession.java:663) ~[mysql-connector-j-8.0.32.jar:8.0.32]
	at com.mysql.cj.jdbc.StatementImpl.executeQuery(StatementImpl.java:1168) ~[mysql-connector-j-8.0.32.jar:8.0.32]
	... 118 more
Caused by: java.net.SocketTimeoutException: Read timed out
	at java.net.SocketInputStream.socketRead0(Native Method) ~[?:1.8.0_144]
	at java.net.SocketInputStream.socketRead(SocketInputStream.java:116) ~[?:1.8.0_144]
	at java.net.SocketInputStream.read(SocketInputStream.java:171) ~[?:1.8.0_144]
	at java.net.SocketInputStream.read(SocketInputStream.java:141) ~[?:1.8.0_144]
	at sun.security.ssl.InputRecord.readFully(InputRecord.java:465) ~[?:1.8.0_144]
	at sun.security.ssl.InputRecord.read(InputRecord.java:503) ~[?:1.8.0_144]
	at sun.security.ssl.SSLSocketImpl.readRecord(SSLSocketImpl.java:983) ~[?:1.8.0_144]
	at sun.security.ssl.SSLSocketImpl.readDataRecord(SSLSocketImpl.java:940) ~[?:1.8.0_144]
	at sun.security.ssl.AppInputStream.read(AppInputStream.java:105) ~[?:1.8.0_144]
	at java.io.FilterInputStream.read(FilterInputStream.java:133) ~[?:1.8.0_144]
	at com.mysql.cj.protocol.FullReadInputStream.readFully(FullReadInputStream.java:64) ~[mysql-connector-j-8.0.32.jar:8.0.32]
	at com.mysql.cj.protocol.a.SimplePacketReader.readHeaderLocal(SimplePacketReader.java:81) ~[mysql-connector-j-8.0.32.jar:8.0.32]
	at com.mysql.cj.protocol.a.SimplePacketReader.readHeader(SimplePacketReader.java:63) ~[mysql-connector-j-8.0.32.jar:8.0.32]
	at com.mysql.cj.protocol.a.SimplePacketReader.readHeader(SimplePacketReader.java:45) ~[mysql-connector-j-8.0.32.jar:8.0.32]
	at com.mysql.cj.protocol.a.TimeTrackingPacketReader.readHeader(TimeTrackingPacketReader.java:52) ~[mysql-connector-j-8.0.32.jar:8.0.32]
	at com.mysql.cj.protocol.a.TimeTrackingPacketReader.readHeader(TimeTrackingPacketReader.java:41) ~[mysql-connector-j-8.0.32.jar:8.0.32]
	at com.mysql.cj.protocol.a.MultiPacketReader.readHeader(MultiPacketReader.java:54) ~[mysql-connector-j-8.0.32.jar:8.0.32]
	at com.mysql.cj.protocol.a.MultiPacketReader.readHeader(MultiPacketReader.java:44) ~[mysql-connector-j-8.0.32.jar:8.0.32]
	at com.mysql.cj.protocol.a.NativeProtocol.readMessage(NativeProtocol.java:575) ~[mysql-connector-j-8.0.32.jar:8.0.32]
	at com.mysql.cj.protocol.a.NativeProtocol.checkErrorMessage(NativeProtocol.java:761) ~[mysql-connector-j-8.0.32.jar:8.0.32]
	at com.mysql.cj.protocol.a.NativeProtocol.sendCommand(NativeProtocol.java:700) ~[mysql-connector-j-8.0.32.jar:8.0.32]
	at com.mysql.cj.protocol.a.NativeProtocol.sendQueryPacket(NativeProtocol.java:1051) ~[mysql-connector-j-8.0.32.jar:8.0.32]
	at com.mysql.cj.protocol.a.NativeProtocol.sendQueryString(NativeProtocol.java:997) ~[mysql-connector-j-8.0.32.jar:8.0.32]
	at com.mysql.cj.NativeSession.execSQL(NativeSession.java:663) ~[mysql-connector-j-8.0.32.jar:8.0.32]
	at com.mysql.cj.jdbc.StatementImpl.executeQuery(StatementImpl.java:1168) ~[mysql-connector-j-8.0.32.jar:8.0.32]
	... 118 more

[2024-06-12 11:00:18] DEBUG 136 statementLog - {conn-10005, stmt-20007} closed
[2024-06-12 11:00:18] DEBUG 136 statementLog - {conn-10004, stmt-20008} created
[2024-06-12 11:00:19] DEBUG 136 statementLog - {conn-10006, stmt-20009} created
[2024-06-12 11:00:19] DEBUG 136 statementLog - {conn-10006, stmt-20009, rs-50009} query executed. 27.8519 millis. SELECT 1 FROM DUAL
[2024-06-12 11:00:19] DEBUG 136 statementLog - {conn-10006, stmt-20009} closed
[2024-06-12 11:00:28] ERROR 151 statementLogError - {conn-10004, stmt-20008} execute error. SELECT 1 FROM DUAL com.mysql.cj.jdbc.exceptions.CommunicationsException: Communications link failure

The last packet successfully received from the server was 813,985 milliseconds ago. The last packet sent successfully to the server was 814,027 milliseconds ago.
	at com.mysql.cj.jdbc.exceptions.SQLError.createCommunicationsException(SQLError.java:174) ~[mysql-connector-j-8.0.32.jar:8.0.32]
	at com.mysql.cj.jdbc.exceptions.SQLExceptionsMapping.translateException(SQLExceptionsMapping.java:64) ~[mysql-connector-j-8.0.32.jar:8.0.32]
	at com.mysql.cj.jdbc.StatementImpl.executeQuery(StatementImpl.java:1200) ~[mysql-connector-j-8.0.32.jar:8.0.32]
	at com.alibaba.druid.filter.FilterChainImpl.statement_executeQuery(FilterChainImpl.java:2866) ~[druid-1.2.16.jar:?]
	at com.alibaba.druid.filter.FilterAdapter.statement_executeQuery(FilterAdapter.java:2513) ~[druid-1.2.16.jar:?]
	at com.alibaba.druid.filter.FilterEventAdapter.statement_executeQuery(FilterEventAdapter.java:296) ~[druid-1.2.16.jar:?]
	at com.alibaba.druid.filter.FilterChainImpl.statement_executeQuery(FilterChainImpl.java:2863) ~[druid-1.2.16.jar:?]
	at com.alibaba.druid.wall.WallFilter.statement_executeQuery(WallFilter.java:546) ~[druid-1.2.16.jar:?]
	at com.alibaba.druid.filter.FilterChainImpl.statement_executeQuery(FilterChainImpl.java:2863) ~[druid-1.2.16.jar:?]
	at com.alibaba.druid.filter.FilterAdapter.statement_executeQuery(FilterAdapter.java:2513) ~[druid-1.2.16.jar:?]
	at com.alibaba.druid.filter.FilterEventAdapter.statement_executeQuery(FilterEventAdapter.java:296) ~[druid-1.2.16.jar:?]
	at com.alibaba.druid.filter.FilterChainImpl.statement_executeQuery(FilterChainImpl.java:2863) ~[druid-1.2.16.jar:?]
	at com.alibaba.druid.proxy.jdbc.StatementProxyImpl.executeQuery(StatementProxyImpl.java:215) ~[druid-1.2.16.jar:?]
	at com.alibaba.druid.pool.vendor.MySqlValidConnectionChecker.isValidConnection(MySqlValidConnectionChecker.java:140) ~[druid-1.2.16.jar:?]
	at com.alibaba.druid.pool.DruidAbstractDataSource.testConnectionInternal(DruidAbstractDataSource.java:1518) ~[druid-1.2.16.jar:?]
	at com.alibaba.druid.pool.DruidDataSource.getConnectionDirect(DruidDataSource.java:1525) ~[druid-1.2.16.jar:?]
	at com.alibaba.druid.filter.FilterChainImpl.dataSource_connect(FilterChainImpl.java:5058) ~[druid-1.2.16.jar:?]
	at com.alibaba.druid.filter.logging.LogFilter.dataSource_getConnection(LogFilter.java:909) ~[druid-1.2.16.jar:?]
	at com.alibaba.druid.filter.FilterChainImpl.dataSource_connect(FilterChainImpl.java:5054) ~[druid-1.2.16.jar:?]
	at com.alibaba.druid.filter.FilterAdapter.dataSource_getConnection(FilterAdapter.java:2759) ~[druid-1.2.16.jar:?]
	at com.alibaba.druid.filter.FilterChainImpl.dataSource_connect(FilterChainImpl.java:5054) ~[druid-1.2.16.jar:?]
	at com.alibaba.druid.filter.stat.StatFilter.dataSource_getConnection(StatFilter.java:704) ~[druid-1.2.16.jar:?]
	at com.alibaba.druid.filter.FilterChainImpl.dataSource_connect(FilterChainImpl.java:5054) ~[druid-1.2.16.jar:?]
	at com.alibaba.druid.pool.DruidDataSource.getConnection(DruidDataSource.java:1448) ~[druid-1.2.16.jar:?]
	at com.alibaba.druid.pool.DruidDataSource.getConnection(DruidDataSource.java:1440) ~[druid-1.2.16.jar:?]
	at com.alibaba.druid.pool.DruidDataSource.getConnection(DruidDataSource.java:83) ~[druid-1.2.16.jar:?]
	at org.springframework.jdbc.datasource.DataSourceUtils.fetchConnection(DataSourceUtils.java:160) ~[spring-jdbc-5.3.29.jar:5.3.29]
	at org.springframework.jdbc.datasource.DataSourceUtils.doGetConnection(DataSourceUtils.java:118) ~[spring-jdbc-5.3.29.jar:5.3.29]
	at org.springframework.jdbc.datasource.DataSourceUtils.getConnection(DataSourceUtils.java:81) ~[spring-jdbc-5.3.29.jar:5.3.29]
	at org.mybatis.spring.transaction.SpringManagedTransaction.openConnection(SpringManagedTransaction.java:80) ~[mybatis-spring-2.0.6.jar:2.0.6]
	at org.mybatis.spring.transaction.SpringManagedTransaction.getConnection(SpringManagedTransaction.java:67) ~[mybatis-spring-2.0.6.jar:2.0.6]
	at org.apache.ibatis.executor.BaseExecutor.getConnection(BaseExecutor.java:337) ~[mybatis-3.5.9.jar:3.5.9]
	at org.apache.ibatis.executor.SimpleExecutor.prepareStatement(SimpleExecutor.java:86) ~[mybatis-3.5.9.jar:3.5.9]
	at org.apache.ibatis.executor.SimpleExecutor.doQuery(SimpleExecutor.java:62) ~[mybatis-3.5.9.jar:3.5.9]
	at org.apache.ibatis.executor.BaseExecutor.queryFromDatabase(BaseExecutor.java:325) ~[mybatis-3.5.9.jar:3.5.9]
	at org.apache.ibatis.executor.BaseExecutor.query(BaseExecutor.java:156) ~[mybatis-3.5.9.jar:3.5.9]
	at org.apache.ibatis.executor.CachingExecutor.query(CachingExecutor.java:109) ~[mybatis-3.5.9.jar:3.5.9]
	at com.baomidou.mybatisplus.extension.plugins.MybatisPlusInterceptor.intercept(MybatisPlusInterceptor.java:81) ~[mybatis-plus-extension-3.5.1.jar:3.5.1]
	at org.apache.ibatis.plugin.Plugin.invoke(Plugin.java:62) ~[mybatis-3.5.9.jar:3.5.9]
	at com.sun.proxy.$Proxy137.query(Unknown Source) ~[?:?]
	at org.apache.ibatis.session.defaults.DefaultSqlSession.selectList(DefaultSqlSession.java:151) ~[mybatis-3.5.9.jar:3.5.9]
	at org.apache.ibatis.session.defaults.DefaultSqlSession.selectList(DefaultSqlSession.java:145) ~[mybatis-3.5.9.jar:3.5.9]
	at org.apache.ibatis.session.defaults.DefaultSqlSession.selectList(DefaultSqlSession.java:140) ~[mybatis-3.5.9.jar:3.5.9]
	at sun.reflect.NativeMethodAccessorImpl.invoke0(Native Method) ~[?:1.8.0_144]
	at sun.reflect.NativeMethodAccessorImpl.invoke(NativeMethodAccessorImpl.java:62) ~[?:1.8.0_144]
	at sun.reflect.DelegatingMethodAccessorImpl.invoke(DelegatingMethodAccessorImpl.java:43) ~[?:1.8.0_144]
	at java.lang.reflect.Method.invoke(Method.java:498) ~[?:1.8.0_144]
	at org.mybatis.spring.SqlSessionTemplate$SqlSessionInterceptor.invoke(SqlSessionTemplate.java:427) ~[mybatis-spring-2.0.6.jar:2.0.6]
	at com.sun.proxy.$Proxy103.selectList(Unknown Source) ~[?:?]
	at org.mybatis.spring.SqlSessionTemplate.selectList(SqlSessionTemplate.java:224) ~[mybatis-spring-2.0.6.jar:2.0.6]
	at com.baomidou.mybatisplus.core.override.MybatisMapperMethod.executeForMany(MybatisMapperMethod.java:166) ~[mybatis-plus-core-3.5.1.jar:3.5.1]
	at com.baomidou.mybatisplus.core.override.MybatisMapperMethod.execute(MybatisMapperMethod.java:77) ~[mybatis-plus-core-3.5.1.jar:3.5.1]
	at com.baomidou.mybatisplus.core.override.MybatisMapperProxy$PlainMethodInvoker.invoke(MybatisMapperProxy.java:148) ~[mybatis-plus-core-3.5.1.jar:3.5.1]
	at com.baomidou.mybatisplus.core.override.MybatisMapperProxy.invoke(MybatisMapperProxy.java:89) ~[mybatis-plus-core-3.5.1.jar:3.5.1]
	at com.sun.proxy.$Proxy104.selectList(Unknown Source) ~[?:?]
	at com.baomidou.mybatisplus.core.mapper.BaseMapper.selectOne(BaseMapper.java:173) ~[mybatis-plus-core-3.5.1.jar:3.5.1]
	at java.lang.invoke.MethodHandle.invokeWithArguments(MethodHandle.java:627) ~[?:1.8.0_144]
	at com.baomidou.mybatisplus.core.override.MybatisMapperProxy$DefaultMethodInvoker.invoke(MybatisMapperProxy.java:162) ~[mybatis-plus-core-3.5.1.jar:3.5.1]
	at com.baomidou.mybatisplus.core.override.MybatisMapperProxy.invoke(MybatisMapperProxy.java:89) ~[mybatis-plus-core-3.5.1.jar:3.5.1]
	at com.sun.proxy.$Proxy104.selectOne(Unknown Source) ~[?:?]
	at com.neusoft.neu6053.services.impl.AdminServiceImpl.loginAdmin(AdminServiceImpl.java:38) ~[classes/:?]
	at com.neusoft.neu6053.services.impl.AdminServiceImpl$$FastClassBySpringCGLIB$$3dca99af.invoke(<generated>) ~[classes/:?]
	at org.springframework.cglib.proxy.MethodProxy.invoke(MethodProxy.java:218) ~[spring-core-5.3.29.jar:5.3.29]
	at org.springframework.aop.framework.CglibAopProxy.invokeMethod(CglibAopProxy.java:386) ~[spring-aop-5.3.29.jar:5.3.29]
	at org.springframework.aop.framework.CglibAopProxy.access$000(CglibAopProxy.java:85) ~[spring-aop-5.3.29.jar:5.3.29]
	at org.springframework.aop.framework.CglibAopProxy$DynamicAdvisedInterceptor.intercept(CglibAopProxy.java:704) ~[spring-aop-5.3.29.jar:5.3.29]
	at com.neusoft.neu6053.services.impl.AdminServiceImpl$$EnhancerBySpringCGLIB$$e6c853e2.loginAdmin(<generated>) ~[classes/:?]
	at com.neusoft.neu6053.controller.AdminController.login(AdminController.java:41) ~[classes/:?]
	at sun.reflect.NativeMethodAccessorImpl.invoke0(Native Method) ~[?:1.8.0_144]
	at sun.reflect.NativeMethodAccessorImpl.invoke(NativeMethodAccessorImpl.java:62) ~[?:1.8.0_144]
	at sun.reflect.DelegatingMethodAccessorImpl.invoke(DelegatingMethodAccessorImpl.java:43) ~[?:1.8.0_144]
	at java.lang.reflect.Method.invoke(Method.java:498) ~[?:1.8.0_144]
	at org.springframework.web.method.support.InvocableHandlerMethod.doInvoke(InvocableHandlerMethod.java:205) ~[spring-web-5.3.29.jar:5.3.29]
	at org.springframework.web.method.support.InvocableHandlerMethod.invokeForRequest(InvocableHandlerMethod.java:150) ~[spring-web-5.3.29.jar:5.3.29]
	at org.springframework.web.servlet.mvc.method.annotation.ServletInvocableHandlerMethod.invokeAndHandle(ServletInvocableHandlerMethod.java:117) ~[spring-webmvc-5.3.29.jar:5.3.29]
	at org.springframework.web.servlet.mvc.method.annotation.RequestMappingHandlerAdapter.invokeHandlerMethod(RequestMappingHandlerAdapter.java:895) ~[spring-webmvc-5.3.29.jar:5.3.29]
	at org.springframework.web.servlet.mvc.method.annotation.RequestMappingHandlerAdapter.handleInternal(RequestMappingHandlerAdapter.java:808) ~[spring-webmvc-5.3.29.jar:5.3.29]
	at org.springframework.web.servlet.mvc.method.AbstractHandlerMethodAdapter.handle(AbstractHandlerMethodAdapter.java:87) ~[spring-webmvc-5.3.29.jar:5.3.29]
	at org.springframework.web.servlet.DispatcherServlet.doDispatch(DispatcherServlet.java:1072) ~[spring-webmvc-5.3.29.jar:5.3.29]
	at org.springframework.web.servlet.DispatcherServlet.doService(DispatcherServlet.java:965) ~[spring-webmvc-5.3.29.jar:5.3.29]
	at org.springframework.web.servlet.FrameworkServlet.processRequest(FrameworkServlet.java:1006) ~[spring-webmvc-5.3.29.jar:5.3.29]
	at org.springframework.web.servlet.FrameworkServlet.doPost(FrameworkServlet.java:909) ~[spring-webmvc-5.3.29.jar:5.3.29]
	at javax.servlet.http.HttpServlet.service(HttpServlet.java:555) ~[tomcat-embed-core-9.0.78.jar:4.0.FR]
	at org.springframework.web.servlet.FrameworkServlet.service(FrameworkServlet.java:883) ~[spring-webmvc-5.3.29.jar:5.3.29]
	at javax.servlet.http.HttpServlet.service(HttpServlet.java:623) ~[tomcat-embed-core-9.0.78.jar:4.0.FR]
	at org.apache.catalina.core.ApplicationFilterChain.internalDoFilter(ApplicationFilterChain.java:209) ~[tomcat-embed-core-9.0.78.jar:9.0.78]
	at org.apache.catalina.core.ApplicationFilterChain.doFilter(ApplicationFilterChain.java:153) ~[tomcat-embed-core-9.0.78.jar:9.0.78]
	at org.apache.tomcat.websocket.server.WsFilter.doFilter(WsFilter.java:51) ~[tomcat-embed-websocket-9.0.78.jar:9.0.78]
	at org.apache.catalina.core.ApplicationFilterChain.internalDoFilter(ApplicationFilterChain.java:178) ~[tomcat-embed-core-9.0.78.jar:9.0.78]
	at org.apache.catalina.core.ApplicationFilterChain.doFilter(ApplicationFilterChain.java:153) ~[tomcat-embed-core-9.0.78.jar:9.0.78]
	at com.alibaba.druid.support.http.WebStatFilter.doFilter(WebStatFilter.java:114) ~[druid-1.2.16.jar:?]
	at org.apache.catalina.core.ApplicationFilterChain.internalDoFilter(ApplicationFilterChain.java:178) ~[tomcat-embed-core-9.0.78.jar:9.0.78]
	at org.apache.catalina.core.ApplicationFilterChain.doFilter(ApplicationFilterChain.java:153) ~[tomcat-embed-core-9.0.78.jar:9.0.78]
	at org.springframework.web.filter.RequestContextFilter.doFilterInternal(RequestContextFilter.java:100) ~[spring-web-5.3.29.jar:5.3.29]
	at org.springframework.web.filter.OncePerRequestFilter.doFilter(OncePerRequestFilter.java:117) ~[spring-web-5.3.29.jar:5.3.29]
	at org.apache.catalina.core.ApplicationFilterChain.internalDoFilter(ApplicationFilterChain.java:178) ~[tomcat-embed-core-9.0.78.jar:9.0.78]
	at org.apache.catalina.core.ApplicationFilterChain.doFilter(ApplicationFilterChain.java:153) ~[tomcat-embed-core-9.0.78.jar:9.0.78]
	at org.springframework.web.filter.FormContentFilter.doFilterInternal(FormContentFilter.java:93) ~[spring-web-5.3.29.jar:5.3.29]
	at org.springframework.web.filter.OncePerRequestFilter.doFilter(OncePerRequestFilter.java:117) ~[spring-web-5.3.29.jar:5.3.29]
	at org.apache.catalina.core.ApplicationFilterChain.internalDoFilter(ApplicationFilterChain.java:178) ~[tomcat-embed-core-9.0.78.jar:9.0.78]
	at org.apache.catalina.core.ApplicationFilterChain.doFilter(ApplicationFilterChain.java:153) ~[tomcat-embed-core-9.0.78.jar:9.0.78]
	at org.springframework.web.filter.CharacterEncodingFilter.doFilterInternal(CharacterEncodingFilter.java:201) ~[spring-web-5.3.29.jar:5.3.29]
	at org.springframework.web.filter.OncePerRequestFilter.doFilter(OncePerRequestFilter.java:117) ~[spring-web-5.3.29.jar:5.3.29]
	at org.apache.catalina.core.ApplicationFilterChain.internalDoFilter(ApplicationFilterChain.java:178) ~[tomcat-embed-core-9.0.78.jar:9.0.78]
	at org.apache.catalina.core.ApplicationFilterChain.doFilter(ApplicationFilterChain.java:153) ~[tomcat-embed-core-9.0.78.jar:9.0.78]
	at org.apache.catalina.core.StandardWrapperValve.invoke(StandardWrapperValve.java:167) ~[tomcat-embed-core-9.0.78.jar:9.0.78]
	at org.apache.catalina.core.StandardContextValve.invoke(StandardContextValve.java:90) ~[tomcat-embed-core-9.0.78.jar:9.0.78]
	at org.apache.catalina.authenticator.AuthenticatorBase.invoke(AuthenticatorBase.java:481) ~[tomcat-embed-core-9.0.78.jar:9.0.78]
	at org.apache.catalina.core.StandardHostValve.invoke(StandardHostValve.java:130) ~[tomcat-embed-core-9.0.78.jar:9.0.78]
	at org.apache.catalina.valves.ErrorReportValve.invoke(ErrorReportValve.java:93) ~[tomcat-embed-core-9.0.78.jar:9.0.78]
	at org.apache.catalina.core.StandardEngineValve.invoke(StandardEngineValve.java:74) ~[tomcat-embed-core-9.0.78.jar:9.0.78]
	at org.apache.catalina.connector.CoyoteAdapter.service(CoyoteAdapter.java:343) ~[tomcat-embed-core-9.0.78.jar:9.0.78]
	at org.apache.coyote.http11.Http11Processor.service(Http11Processor.java:390) ~[tomcat-embed-core-9.0.78.jar:9.0.78]
	at org.apache.coyote.AbstractProcessorLight.process(AbstractProcessorLight.java:63) ~[tomcat-embed-core-9.0.78.jar:9.0.78]
	at org.apache.coyote.AbstractProtocol$ConnectionHandler.process(AbstractProtocol.java:926) ~[tomcat-embed-core-9.0.78.jar:9.0.78]
	at org.apache.tomcat.util.net.NioEndpoint$SocketProcessor.doRun(NioEndpoint.java:1791) ~[tomcat-embed-core-9.0.78.jar:9.0.78]
	at org.apache.tomcat.util.net.SocketProcessorBase.run(SocketProcessorBase.java:52) ~[tomcat-embed-core-9.0.78.jar:9.0.78]
	at org.apache.tomcat.util.threads.ThreadPoolExecutor.runWorker(ThreadPoolExecutor.java:1191) ~[tomcat-embed-core-9.0.78.jar:9.0.78]
	at org.apache.tomcat.util.threads.ThreadPoolExecutor$Worker.run(ThreadPoolExecutor.java:659) ~[tomcat-embed-core-9.0.78.jar:9.0.78]
	at org.apache.tomcat.util.threads.TaskThread$WrappingRunnable.run(TaskThread.java:61) ~[tomcat-embed-core-9.0.78.jar:9.0.78]
	at java.lang.Thread.run(Thread.java:748) ~[?:1.8.0_144]
Caused by: com.mysql.cj.exceptions.CJCommunicationsException: Communications link failure

The last packet successfully received from the server was 813,985 milliseconds ago. The last packet sent successfully to the server was 814,027 milliseconds ago.
	at sun.reflect.NativeConstructorAccessorImpl.newInstance0(Native Method) ~[?:1.8.0_144]
	at sun.reflect.NativeConstructorAccessorImpl.newInstance(NativeConstructorAccessorImpl.java:62) ~[?:1.8.0_144]
	at sun.reflect.DelegatingConstructorAccessorImpl.newInstance(DelegatingConstructorAccessorImpl.java:45) ~[?:1.8.0_144]
	at java.lang.reflect.Constructor.newInstance(Constructor.java:423) ~[?:1.8.0_144]
	at com.mysql.cj.exceptions.ExceptionFactory.createException(ExceptionFactory.java:61) ~[mysql-connector-j-8.0.32.jar:8.0.32]
	at com.mysql.cj.exceptions.ExceptionFactory.createException(ExceptionFactory.java:105) ~[mysql-connector-j-8.0.32.jar:8.0.32]
	at com.mysql.cj.exceptions.ExceptionFactory.createException(ExceptionFactory.java:151) ~[mysql-connector-j-8.0.32.jar:8.0.32]
	at com.mysql.cj.exceptions.ExceptionFactory.createCommunicationsException(ExceptionFactory.java:167) ~[mysql-connector-j-8.0.32.jar:8.0.32]
	at com.mysql.cj.protocol.a.NativeProtocol.readMessage(NativeProtocol.java:581) ~[mysql-connector-j-8.0.32.jar:8.0.32]
	at com.mysql.cj.protocol.a.NativeProtocol.checkErrorMessage(NativeProtocol.java:761) ~[mysql-connector-j-8.0.32.jar:8.0.32]
	at com.mysql.cj.protocol.a.NativeProtocol.sendCommand(NativeProtocol.java:700) ~[mysql-connector-j-8.0.32.jar:8.0.32]
	at com.mysql.cj.protocol.a.NativeProtocol.sendQueryPacket(NativeProtocol.java:1051) ~[mysql-connector-j-8.0.32.jar:8.0.32]
	at com.mysql.cj.protocol.a.NativeProtocol.sendQueryString(NativeProtocol.java:997) ~[mysql-connector-j-8.0.32.jar:8.0.32]
	at com.mysql.cj.NativeSession.execSQL(NativeSession.java:663) ~[mysql-connector-j-8.0.32.jar:8.0.32]
	at com.mysql.cj.jdbc.StatementImpl.executeQuery(StatementImpl.java:1168) ~[mysql-connector-j-8.0.32.jar:8.0.32]
	... 118 more
Caused by: java.net.SocketTimeoutException: Read timed out
	at java.net.SocketInputStream.socketRead0(Native Method) ~[?:1.8.0_144]
	at java.net.SocketInputStream.socketRead(SocketInputStream.java:116) ~[?:1.8.0_144]
	at java.net.SocketInputStream.read(SocketInputStream.java:171) ~[?:1.8.0_144]
	at java.net.SocketInputStream.read(SocketInputStream.java:141) ~[?:1.8.0_144]
	at sun.security.ssl.InputRecord.readFully(InputRecord.java:465) ~[?:1.8.0_144]
	at sun.security.ssl.InputRecord.read(InputRecord.java:503) ~[?:1.8.0_144]
	at sun.security.ssl.SSLSocketImpl.readRecord(SSLSocketImpl.java:983) ~[?:1.8.0_144]
	at sun.security.ssl.SSLSocketImpl.readDataRecord(SSLSocketImpl.java:940) ~[?:1.8.0_144]
	at sun.security.ssl.AppInputStream.read(AppInputStream.java:105) ~[?:1.8.0_144]
	at java.io.FilterInputStream.read(FilterInputStream.java:133) ~[?:1.8.0_144]
	at com.mysql.cj.protocol.FullReadInputStream.readFully(FullReadInputStream.java:64) ~[mysql-connector-j-8.0.32.jar:8.0.32]
	at com.mysql.cj.protocol.a.SimplePacketReader.readHeaderLocal(SimplePacketReader.java:81) ~[mysql-connector-j-8.0.32.jar:8.0.32]
	at com.mysql.cj.protocol.a.SimplePacketReader.readHeader(SimplePacketReader.java:63) ~[mysql-connector-j-8.0.32.jar:8.0.32]
	at com.mysql.cj.protocol.a.SimplePacketReader.readHeader(SimplePacketReader.java:45) ~[mysql-connector-j-8.0.32.jar:8.0.32]
	at com.mysql.cj.protocol.a.TimeTrackingPacketReader.readHeader(TimeTrackingPacketReader.java:52) ~[mysql-connector-j-8.0.32.jar:8.0.32]
	at com.mysql.cj.protocol.a.TimeTrackingPacketReader.readHeader(TimeTrackingPacketReader.java:41) ~[mysql-connector-j-8.0.32.jar:8.0.32]
	at com.mysql.cj.protocol.a.MultiPacketReader.readHeader(MultiPacketReader.java:54) ~[mysql-connector-j-8.0.32.jar:8.0.32]
	at com.mysql.cj.protocol.a.MultiPacketReader.readHeader(MultiPacketReader.java:44) ~[mysql-connector-j-8.0.32.jar:8.0.32]
	at com.mysql.cj.protocol.a.NativeProtocol.readMessage(NativeProtocol.java:575) ~[mysql-connector-j-8.0.32.jar:8.0.32]
	at com.mysql.cj.protocol.a.NativeProtocol.checkErrorMessage(NativeProtocol.java:761) ~[mysql-connector-j-8.0.32.jar:8.0.32]
	at com.mysql.cj.protocol.a.NativeProtocol.sendCommand(NativeProtocol.java:700) ~[mysql-connector-j-8.0.32.jar:8.0.32]
	at com.mysql.cj.protocol.a.NativeProtocol.sendQueryPacket(NativeProtocol.java:1051) ~[mysql-connector-j-8.0.32.jar:8.0.32]
	at com.mysql.cj.protocol.a.NativeProtocol.sendQueryString(NativeProtocol.java:997) ~[mysql-connector-j-8.0.32.jar:8.0.32]
	at com.mysql.cj.NativeSession.execSQL(NativeSession.java:663) ~[mysql-connector-j-8.0.32.jar:8.0.32]
	at com.mysql.cj.jdbc.StatementImpl.executeQuery(StatementImpl.java:1168) ~[mysql-connector-j-8.0.32.jar:8.0.32]
	... 118 more

[2024-06-12 11:00:28] DEBUG 136 statementLog - {conn-10004, stmt-20008} closed
[2024-06-12 11:00:28] DEBUG 136 statementLog - {conn-10006, pstmt-20010} created. SELECT  admin_id,admin_code,password,remarks  FROM admins 
 
 WHERE (admin_code = ? AND password = ?)
[2024-06-12 11:00:28] DEBUG 136 statementLog - {conn-10006, pstmt-20010} Parameters : [string, string]
[2024-06-12 11:00:28] DEBUG 136 statementLog - {conn-10006, pstmt-20010} Types : [VARCHAR, VARCHAR]
[2024-06-12 11:00:28] DEBUG 136 statementLog - {conn-10006, pstmt-20010} executed. 30.9951 millis. SELECT  admin_id,admin_code,password,remarks  FROM admins 
 
 WHERE (admin_code = ? AND password = ?)
[2024-06-12 11:00:28] DEBUG 136 statementLog - {conn-10006, pstmt-20010} clearParameters. 
[2024-06-12 11:00:28] DEBUG 136 statementLog - {conn-10006, stmt-20010} clearBatch. 
[2024-06-12 11:00:29] DEBUG 136 statementLog - {conn-10007, stmt-20011} created
[2024-06-12 11:00:29] DEBUG 136 statementLog - {conn-10007, stmt-20011, rs-50011} query executed. 34.0631 millis. SELECT 1 FROM DUAL
[2024-06-12 11:00:29] DEBUG 136 statementLog - {conn-10007, stmt-20011} closed
[2024-06-12 11:09:04] DEBUG 136 statementLog - {conn-10006, pstmt-20010} closed
[2024-06-12 11:39:26] DEBUG 136 statementLog - {conn-10001, stmt-20000} created
[2024-06-12 11:39:26] DEBUG 136 statementLog - {conn-10001, stmt-20000, rs-50000} query executed. 132.3629 millis. SELECT 1 FROM DUAL
[2024-06-12 11:39:26] DEBUG 136 statementLog - {conn-10001, stmt-20000} closed
[2024-06-12 11:39:26] DEBUG 136 statementLog - {conn-10002, stmt-20001} created
[2024-06-12 11:39:26] DEBUG 136 statementLog - {conn-10002, stmt-20001, rs-50001} query executed. 41.1511 millis. SELECT 1 FROM DUAL
[2024-06-12 11:39:26] DEBUG 136 statementLog - {conn-10002, stmt-20001} closed
[2024-06-12 11:39:27] DEBUG 136 statementLog - {conn-10003, stmt-20002} created
[2024-06-12 11:39:27] DEBUG 136 statementLog - {conn-10003, stmt-20002, rs-50002} query executed. 35.1041 millis. SELECT 1 FROM DUAL
[2024-06-12 11:39:27] DEBUG 136 statementLog - {conn-10003, stmt-20002} closed
[2024-06-12 11:39:28] DEBUG 136 statementLog - {conn-10004, stmt-20003} created
[2024-06-12 11:39:28] DEBUG 136 statementLog - {conn-10004, stmt-20003, rs-50003} query executed. 236.6482 millis. SELECT 1 FROM DUAL
[2024-06-12 11:39:28] DEBUG 136 statementLog - {conn-10004, stmt-20003} closed
[2024-06-12 11:39:28] DEBUG 136 statementLog - {conn-10005, stmt-20004} created
[2024-06-12 11:39:28] DEBUG 136 statementLog - {conn-10005, stmt-20004, rs-50004} query executed. 49.099801 millis. SELECT 1 FROM DUAL
[2024-06-12 11:39:28] DEBUG 136 statementLog - {conn-10005, stmt-20004} closed
[2024-06-12 11:39:28] DEBUG 136 statementLog - {conn-10005, pstmt-20005} created. SELECT  admin_id,admin_code,password,remarks  FROM admins 
 
 WHERE (admin_code = ? AND password = ?)
[2024-06-12 11:39:28] DEBUG 136 statementLog - {conn-10005, pstmt-20005} Parameters : [string, string]
[2024-06-12 11:39:28] DEBUG 136 statementLog - {conn-10005, pstmt-20005} Types : [VARCHAR, VARCHAR]
[2024-06-12 11:39:28] DEBUG 136 statementLog - {conn-10005, pstmt-20005} executed. 49.8387 millis. SELECT  admin_id,admin_code,password,remarks  FROM admins 
 
 WHERE (admin_code = ? AND password = ?)
[2024-06-12 11:39:28] DEBUG 136 statementLog - {conn-10005, pstmt-20005} clearParameters. 
[2024-06-12 11:39:28] DEBUG 136 statementLog - {conn-10005, stmt-20005} clearBatch. 
[2024-06-12 11:39:50] DEBUG 136 statementLog - {conn-10005, pstmt-20006} created. INSERT INTO information  ( information_id,
province,
city,
community,
pollution_level,
date,
time,
state,
supervisor_id,
inspector_id,
feedback,
deleted )  VALUES  ( ?,
?,
?,
?,
?,
?,
?,
?,
?,
?,
?,
? )
[2024-06-12 11:39:50] DEBUG 136 statementLog - {conn-10005, pstmt-20006} Parameters : [0, string, string, string, string, 2024-06-12 11:39:45.835, 2024-06-12 11:39:45.835, 0, 0, 0, string, 0]
[2024-06-12 11:39:50] DEBUG 136 statementLog - {conn-10005, pstmt-20006} Types : [INTEGER, VARCHAR, VARCHAR, VARCHAR, VARCHAR, TIMESTAMP, TIMESTAMP, INTEGER, INTEGER, INTEGER, VARCHAR, INTEGER]
[2024-06-12 11:39:50] DEBUG 136 statementLog - {conn-10005, pstmt-20006} executed. 105.221901 millis. INSERT INTO information  ( information_id,
province,
city,
community,
pollution_level,
date,
time,
state,
supervisor_id,
inspector_id,
feedback,
deleted )  VALUES  ( ?,
?,
?,
?,
?,
?,
?,
?,
?,
?,
?,
? )
[2024-06-12 11:39:50] DEBUG 136 statementLog - {conn-10005, pstmt-20006} clearParameters. 
[2024-06-12 11:39:50] DEBUG 136 statementLog - {conn-10005, stmt-20006} clearBatch. 
[2024-06-12 11:40:38] DEBUG 136 statementLog - {conn-10005, pstmt-20007} created. SELECT COUNT(*) AS total FROM information WHERE (supervisor_id = ?)
[2024-06-12 11:40:38] DEBUG 136 statementLog - {conn-10005, pstmt-20007} Parameters : [-2]
[2024-06-12 11:40:38] DEBUG 136 statementLog - {conn-10005, pstmt-20007} Types : [INTEGER]
[2024-06-12 11:40:38] DEBUG 136 statementLog - {conn-10005, pstmt-20007} executed. 35.688301 millis. SELECT COUNT(*) AS total FROM information WHERE (supervisor_id = ?)
[2024-06-12 11:40:38] DEBUG 136 statementLog - {conn-10005, pstmt-20007} clearParameters. 
[2024-06-12 11:40:38] DEBUG 136 statementLog - {conn-10005, stmt-20007} clearBatch. 
[2024-06-12 11:40:38] DEBUG 136 statementLog - {conn-10005, pstmt-20008} created. SELECT  information_id,province,city,community,pollution_level,date,time,state,supervisor_id,inspector_id,feedback,deleted  FROM information 
 
 WHERE (supervisor_id = ?) LIMIT ?
[2024-06-12 11:40:38] DEBUG 136 statementLog - {conn-10005, pstmt-20008} Parameters : [-2, 2]
[2024-06-12 11:40:38] DEBUG 136 statementLog - {conn-10005, pstmt-20008} Types : [INTEGER, BIGINT]
[2024-06-12 11:40:38] DEBUG 136 statementLog - {conn-10005, pstmt-20008} executed. 64.2328 millis. SELECT  information_id,province,city,community,pollution_level,date,time,state,supervisor_id,inspector_id,feedback,deleted  FROM information 
 
 WHERE (supervisor_id = ?) LIMIT ?
[2024-06-12 11:40:38] DEBUG 136 statementLog - {conn-10005, pstmt-20008} clearParameters. 
[2024-06-12 11:40:38] DEBUG 136 statementLog - {conn-10005, stmt-20008} clearBatch. 
[2024-06-12 11:40:52] DEBUG 136 statementLog - {conn-10005, pstmt-20007} Parameters : [0]
[2024-06-12 11:40:52] DEBUG 136 statementLog - {conn-10005, pstmt-20007} Types : [INTEGER]
[2024-06-12 11:40:52] DEBUG 136 statementLog - {conn-10005, pstmt-20007} executed. 29.5198 millis. SELECT COUNT(*) AS total FROM information WHERE (supervisor_id = ?)
[2024-06-12 11:40:52] DEBUG 136 statementLog - {conn-10005, pstmt-20007} clearParameters. 
[2024-06-12 11:40:52] DEBUG 136 statementLog - {conn-10005, stmt-20007} clearBatch. 
[2024-06-12 11:40:52] DEBUG 136 statementLog - {conn-10005, pstmt-20008} Parameters : [0, 2]
[2024-06-12 11:40:52] DEBUG 136 statementLog - {conn-10005, pstmt-20008} Types : [INTEGER, BIGINT]
[2024-06-12 11:40:52] DEBUG 136 statementLog - {conn-10005, pstmt-20008} executed. 29.886 millis. SELECT  information_id,province,city,community,pollution_level,date,time,state,supervisor_id,inspector_id,feedback,deleted  FROM information 
 
 WHERE (supervisor_id = ?) LIMIT ?
[2024-06-12 11:40:52] DEBUG 136 statementLog - {conn-10005, pstmt-20008} clearParameters. 
[2024-06-12 11:40:52] DEBUG 136 statementLog - {conn-10005, stmt-20008} clearBatch. 
[2024-06-12 11:41:00] DEBUG 136 statementLog - {conn-10005, pstmt-20009} created. SELECT  information_id,province,city,community,pollution_level,date,time,state,supervisor_id,inspector_id,feedback,deleted  FROM information 
 
 WHERE (inspector_id = ?)
[2024-06-12 11:41:00] DEBUG 136 statementLog - {conn-10005, pstmt-20009} Parameters : [0]
[2024-06-12 11:41:00] DEBUG 136 statementLog - {conn-10005, pstmt-20009} Types : [INTEGER]
[2024-06-12 11:41:00] DEBUG 136 statementLog - {conn-10005, pstmt-20009} executed. 29.8314 millis. SELECT  information_id,province,city,community,pollution_level,date,time,state,supervisor_id,inspector_id,feedback,deleted  FROM information 
 
 WHERE (inspector_id = ?)
[2024-06-12 11:41:00] DEBUG 136 statementLog - {conn-10005, pstmt-20009} clearParameters. 
[2024-06-12 11:41:00] DEBUG 136 statementLog - {conn-10005, stmt-20009} clearBatch. 
[2024-06-12 11:41:06] DEBUG 136 statementLog - {conn-10005, pstmt-20009} Parameters : [3]
[2024-06-12 11:41:06] DEBUG 136 statementLog - {conn-10005, pstmt-20009} Types : [INTEGER]
[2024-06-12 11:41:06] DEBUG 136 statementLog - {conn-10005, pstmt-20009} executed. 33.5168 millis. SELECT  information_id,province,city,community,pollution_level,date,time,state,supervisor_id,inspector_id,feedback,deleted  FROM information 
 
 WHERE (inspector_id = ?)
[2024-06-12 11:41:06] DEBUG 136 statementLog - {conn-10005, pstmt-20009} clearParameters. 
[2024-06-12 11:41:06] DEBUG 136 statementLog - {conn-10005, stmt-20009} clearBatch. 
[2024-06-12 11:41:15] DEBUG 136 statementLog - {conn-10005, pstmt-20009} Parameters : [-2]
[2024-06-12 11:41:15] DEBUG 136 statementLog - {conn-10005, pstmt-20009} Types : [INTEGER]
[2024-06-12 11:41:15] DEBUG 136 statementLog - {conn-10005, pstmt-20009} executed. 29.7204 millis. SELECT  information_id,province,city,community,pollution_level,date,time,state,supervisor_id,inspector_id,feedback,deleted  FROM information 
 
 WHERE (inspector_id = ?)
[2024-06-12 11:41:15] DEBUG 136 statementLog - {conn-10005, pstmt-20009} clearParameters. 
[2024-06-12 11:41:15] DEBUG 136 statementLog - {conn-10005, stmt-20009} clearBatch. 
[2024-06-12 11:44:38] DEBUG 136 statementLog - {conn-10005, pstmt-20005} closed
[2024-06-12 11:44:38] DEBUG 136 statementLog - {conn-10005, pstmt-20006} closed
[2024-06-12 11:44:38] DEBUG 136 statementLog - {conn-10005, pstmt-20007} closed
[2024-06-12 11:44:38] DEBUG 136 statementLog - {conn-10005, pstmt-20008} closed
[2024-06-12 11:44:38] DEBUG 136 statementLog - {conn-10005, pstmt-20009} closed
[2024-06-12 11:45:22] DEBUG 136 statementLog - {conn-110001, stmt-120000} created
[2024-06-12 11:45:22] DEBUG 136 statementLog - {conn-110001, stmt-120000, rs-150000} query executed. 28.7074 millis. SELECT 1 FROM DUAL
[2024-06-12 11:45:22] DEBUG 136 statementLog - {conn-110001, stmt-120000} closed
[2024-06-12 11:45:23] DEBUG 136 statementLog - {conn-110002, stmt-120001} created
[2024-06-12 11:45:23] DEBUG 136 statementLog - {conn-110002, stmt-120001, rs-150001} query executed. 28.5975 millis. SELECT 1 FROM DUAL
[2024-06-12 11:45:23] DEBUG 136 statementLog - {conn-110002, stmt-120001} closed
[2024-06-12 11:45:23] DEBUG 136 statementLog - {conn-110003, stmt-120002} created
[2024-06-12 11:45:23] DEBUG 136 statementLog - {conn-110003, stmt-120002, rs-150002} query executed. 28.5795 millis. SELECT 1 FROM DUAL
[2024-06-12 11:45:23] DEBUG 136 statementLog - {conn-110003, stmt-120002} closed
[2024-06-12 11:45:23] DEBUG 136 statementLog - {conn-110004, stmt-120003} created
[2024-06-12 11:45:23] DEBUG 136 statementLog - {conn-110004, stmt-120003, rs-150003} query executed. 28.2068 millis. SELECT 1 FROM DUAL
[2024-06-12 11:45:23] DEBUG 136 statementLog - {conn-110004, stmt-120003} closed
[2024-06-12 11:45:24] DEBUG 136 statementLog - {conn-110005, stmt-120004} created
[2024-06-12 11:45:24] DEBUG 136 statementLog - {conn-110005, stmt-120004, rs-150004} query executed. 27.8841 millis. SELECT 1 FROM DUAL
[2024-06-12 11:45:24] DEBUG 136 statementLog - {conn-110005, stmt-120004} closed
[2024-06-12 11:45:24] DEBUG 136 statementLog - {conn-110005, pstmt-120005} created. INSERT INTO information  ( information_id,
province,
city,
community,
pollution_level,
date,
time,
state,
supervisor_id,
inspector_id,
feedback,
deleted )  VALUES  ( ?,
?,
?,
?,
?,
?,
?,
?,
?,
?,
?,
? )
[2024-06-12 11:45:24] DEBUG 136 statementLog - {conn-110005, pstmt-120005} Parameters : [0, string, string, string, string, 2024-06-12 11:39:45.835, 2024-06-12 11:39:45.835, 2, 0, -2, string, 0]
[2024-06-12 11:45:24] DEBUG 136 statementLog - {conn-110005, pstmt-120005} Types : [INTEGER, VARCHAR, VARCHAR, VARCHAR, VARCHAR, TIMESTAMP, TIMESTAMP, INTEGER, INTEGER, INTEGER, VARCHAR, INTEGER]
[2024-06-12 11:45:24] DEBUG 136 statementLog - {conn-110005, pstmt-120005} executed. 87.7186 millis. INSERT INTO information  ( information_id,
province,
city,
community,
pollution_level,
date,
time,
state,
supervisor_id,
inspector_id,
feedback,
deleted )  VALUES  ( ?,
?,
?,
?,
?,
?,
?,
?,
?,
?,
?,
? )
[2024-06-12 11:45:24] DEBUG 136 statementLog - {conn-110005, pstmt-120005} clearParameters. 
[2024-06-12 11:45:24] DEBUG 136 statementLog - {conn-110005, stmt-120005} clearBatch. 
[2024-06-12 11:46:09] DEBUG 136 statementLog - {conn-110005, pstmt-120006} created. SELECT  information_id,province,city,community,pollution_level,date,time,state,supervisor_id,inspector_id,feedback,deleted  FROM information 
 
 WHERE (state = ?)
[2024-06-12 11:46:09] DEBUG 136 statementLog - {conn-110005, pstmt-120006} Parameters : [2]
[2024-06-12 11:46:09] DEBUG 136 statementLog - {conn-110005, pstmt-120006} Types : [INTEGER]
[2024-06-12 11:46:09] DEBUG 136 statementLog - {conn-110005, pstmt-120006} executed. 34.1653 millis. SELECT  information_id,province,city,community,pollution_level,date,time,state,supervisor_id,inspector_id,feedback,deleted  FROM information 
 
 WHERE (state = ?)
[2024-06-12 11:46:09] DEBUG 136 statementLog - {conn-110005, pstmt-120006} clearParameters. 
[2024-06-12 11:46:09] DEBUG 136 statementLog - {conn-110005, stmt-120006} clearBatch. 
[2024-06-12 11:46:50] DEBUG 136 statementLog - {conn-110005, pstmt-120007} created. SELECT  information_id,province,city,community,pollution_level,date,time,state,supervisor_id,inspector_id,feedback,deleted  FROM information 
 
 WHERE (date = ?)
[2024-06-12 11:46:50] DEBUG 136 statementLog - {conn-110005, pstmt-120007} Parameters : [2024-06-05 11:46:19.456]
[2024-06-12 11:46:50] DEBUG 136 statementLog - {conn-110005, pstmt-120007} Types : [TIMESTAMP]
[2024-06-12 11:46:50] DEBUG 136 statementLog - {conn-110005, pstmt-120007} executed. 44.1555 millis. SELECT  information_id,province,city,community,pollution_level,date,time,state,supervisor_id,inspector_id,feedback,deleted  FROM information 
 
 WHERE (date = ?)
[2024-06-12 11:46:50] DEBUG 136 statementLog - {conn-110005, pstmt-120007} clearParameters. 
[2024-06-12 11:46:50] DEBUG 136 statementLog - {conn-110005, stmt-120007} clearBatch. 
[2024-06-12 11:46:56] DEBUG 136 statementLog - {conn-110005, pstmt-120007} Parameters : [2024-06-05 08:00:00.0]
[2024-06-12 11:46:56] DEBUG 136 statementLog - {conn-110005, pstmt-120007} Types : [TIMESTAMP]
[2024-06-12 11:46:56] DEBUG 136 statementLog - {conn-110005, pstmt-120007} executed. 32.3513 millis. SELECT  information_id,province,city,community,pollution_level,date,time,state,supervisor_id,inspector_id,feedback,deleted  FROM information 
 
 WHERE (date = ?)
[2024-06-12 11:46:56] DEBUG 136 statementLog - {conn-110005, pstmt-120007} clearParameters. 
[2024-06-12 11:46:56] DEBUG 136 statementLog - {conn-110005, stmt-120007} clearBatch. 
[2024-06-12 11:47:22] DEBUG 136 statementLog - {conn-110005, pstmt-120007} Parameters : [2024-06-05 08:00:00.0]
[2024-06-12 11:47:22] DEBUG 136 statementLog - {conn-110005, pstmt-120007} Types : [TIMESTAMP]
[2024-06-12 11:47:22] DEBUG 136 statementLog - {conn-110005, pstmt-120007} executed. 30.4443 millis. SELECT  information_id,province,city,community,pollution_level,date,time,state,supervisor_id,inspector_id,feedback,deleted  FROM information 
 
 WHERE (date = ?)
[2024-06-12 11:47:22] DEBUG 136 statementLog - {conn-110005, pstmt-120007} clearParameters. 
[2024-06-12 11:47:22] DEBUG 136 statementLog - {conn-110005, stmt-120007} clearBatch. 
[2024-06-12 11:48:14] DEBUG 136 statementLog - {conn-110005, pstmt-120008} created. SELECT  information_id,province,city,community,pollution_level,date,time,state,supervisor_id,inspector_id,feedback,deleted  FROM information
[2024-06-12 11:48:14] DEBUG 136 statementLog - {conn-110005, pstmt-120008} Parameters : []
[2024-06-12 11:48:14] DEBUG 136 statementLog - {conn-110005, pstmt-120008} Types : []
[2024-06-12 11:48:14] DEBUG 136 statementLog - {conn-110005, pstmt-120008} executed. 29.4058 millis. SELECT  information_id,province,city,community,pollution_level,date,time,state,supervisor_id,inspector_id,feedback,deleted  FROM information
[2024-06-12 11:48:14] DEBUG 136 statementLog - {conn-110005, pstmt-120008} clearParameters. 
[2024-06-12 11:48:14] DEBUG 136 statementLog - {conn-110005, stmt-120008} clearBatch. 
[2024-06-12 11:49:07] DEBUG 136 statementLog - {conn-110005, pstmt-120007} Parameters : [2024-06-05 15:57:11.0]
[2024-06-12 11:49:07] DEBUG 136 statementLog - {conn-110005, pstmt-120007} Types : [TIMESTAMP]
[2024-06-12 11:49:07] DEBUG 136 statementLog - {conn-110005, pstmt-120007} executed. 32.4189 millis. SELECT  information_id,province,city,community,pollution_level,date,time,state,supervisor_id,inspector_id,feedback,deleted  FROM information 
 
 WHERE (date = ?)
[2024-06-12 11:49:07] DEBUG 136 statementLog - {conn-110005, pstmt-120007} clearParameters. 
[2024-06-12 11:49:07] DEBUG 136 statementLog - {conn-110005, stmt-120007} clearBatch. 
[2024-06-12 11:50:17] DEBUG 136 statementLog - {conn-110005, stmt-120009} created
[2024-06-12 11:50:17] DEBUG 136 statementLog - {conn-110005, stmt-120009, rs-150012} query executed. 30.7328 millis. SELECT 1 FROM DUAL
[2024-06-12 11:50:17] DEBUG 136 statementLog - {conn-110005, stmt-120009} closed
[2024-06-12 11:50:17] DEBUG 136 statementLog - {conn-110005, pstmt-120010} created. SELECT  information_id,province,city,community,pollution_level,date,time,state,supervisor_id,inspector_id,feedback,deleted  FROM information 
 
 WHERE (inspector_id = ? AND state = ?)
[2024-06-12 11:50:17] DEBUG 136 statementLog - {conn-110005, pstmt-120010} Parameters : [-2, 1]
[2024-06-12 11:50:17] DEBUG 136 statementLog - {conn-110005, pstmt-120010} Types : [INTEGER, INTEGER]
[2024-06-12 11:50:17] DEBUG 136 statementLog - {conn-110005, pstmt-120010} executed. 30.4645 millis. SELECT  information_id,province,city,community,pollution_level,date,time,state,supervisor_id,inspector_id,feedback,deleted  FROM information 
 
 WHERE (inspector_id = ? AND state = ?)
[2024-06-12 11:50:17] DEBUG 136 statementLog - {conn-110005, pstmt-120010} clearParameters. 
[2024-06-12 11:50:17] DEBUG 136 statementLog - {conn-110005, stmt-120010} clearBatch. 
[2024-06-12 11:50:33] DEBUG 136 statementLog - {conn-110005, pstmt-120010} Parameters : [-2, 1]
[2024-06-12 11:50:33] DEBUG 136 statementLog - {conn-110005, pstmt-120010} Types : [INTEGER, INTEGER]
[2024-06-12 11:50:34] DEBUG 136 statementLog - {conn-110005, pstmt-120010} executed. 29.4743 millis. SELECT  information_id,province,city,community,pollution_level,date,time,state,supervisor_id,inspector_id,feedback,deleted  FROM information 
 
 WHERE (inspector_id = ? AND state = ?)
[2024-06-12 11:50:34] DEBUG 136 statementLog - {conn-110005, pstmt-120010} clearParameters. 
[2024-06-12 11:50:34] DEBUG 136 statementLog - {conn-110005, stmt-120010} clearBatch. 
