[2024-06-06 09:32:21] INFO  org.springframework.boot.StartupInfoLogger 55 logStarting - Starting Neu6053Application using Java 1.8.0_144 on ZincIon-G15-5511 with PID 10928 (D:\gitRepository\NEU605-3\target\classes started by 1185911254@qq.com in D:\gitRepository\NEU605-3)
[2024-06-06 09:32:21] INFO  org.springframework.boot.SpringApplication 631 logStartupProfileInfo - No active profile set, falling back to 1 default profile: "default"
[2024-06-06 09:32:22] INFO  org.springframework.data.repository.config.RepositoryConfigurationDelegate 262 multipleStoresDetected - Multiple Spring Data modules found, entering strict repository configuration mode
[2024-06-06 09:32:22] INFO  org.springframework.data.repository.config.RepositoryConfigurationDelegate 132 registerRepositoriesIn - Bootstrapping Spring Data Redis repositories in DEFAULT mode.
[2024-06-06 09:32:22] INFO  org.springframework.data.repository.config.RepositoryConfigurationDelegate 201 registerRepositoriesIn - Finished Spring Data repository scanning in 6 ms. Found 0 Redis repository interfaces.
[2024-06-06 09:32:22] INFO  org.springframework.boot.web.embedded.tomcat.TomcatWebServer 108 initialize - Tomcat initialized with port(s): 8080 (http)
[2024-06-06 09:32:22] INFO  org.apache.juli.logging.DirectJDKLog 173 log - Starting service [Tomcat]
[2024-06-06 09:32:22] INFO  org.apache.juli.logging.DirectJDKLog 173 log - Starting Servlet engine: [Apache Tomcat/9.0.78]
[2024-06-06 09:32:22] INFO  org.apache.juli.logging.DirectJDKLog 173 log - Initializing Spring embedded WebApplicationContext
[2024-06-06 09:32:22] INFO  org.springframework.boot.web.servlet.context.ServletWebServerApplicationContext 292 prepareWebApplicationContext - Root WebApplicationContext: initialization completed in 1427 ms
[2024-06-06 09:32:22] INFO  com.neusoft.neu6053.config.DruidConfig 23 druidServlet - init Druid Servlet Configuration 
[2024-06-06 09:32:24] INFO  org.springframework.boot.autoconfigure.web.servlet.WelcomePageHandlerMapping 58 <init> - Adding welcome page: class path resource [static/index.html]
[2024-06-06 09:32:25] INFO  org.quartz.impl.StdSchedulerFactory 1220 instantiate - Using default implementation for ThreadExecutor
[2024-06-06 09:32:25] INFO  org.quartz.core.SchedulerSignalerImpl 61 <init> - Initialized Scheduler Signaller of type: class org.quartz.core.SchedulerSignalerImpl
[2024-06-06 09:32:25] INFO  org.quartz.core.QuartzScheduler 229 <init> - Quartz Scheduler v.2.3.2 created.
[2024-06-06 09:32:25] INFO  org.quartz.simpl.RAMJobStore 155 initialize - RAMJobStore initialized.
[2024-06-06 09:32:25] INFO  org.quartz.core.QuartzScheduler 294 initialize - Scheduler meta-data: Quartz Scheduler (v2.3.2) 'quartzScheduler' with instanceId 'NON_CLUSTERED'
  Scheduler class: 'org.quartz.core.QuartzScheduler' - running locally.
  NOT STARTED.
  Currently in standby mode.
  Number of jobs executed: 0
  Using thread pool 'org.quartz.simpl.SimpleThreadPool' - with 10 threads.
  Using job-store 'org.quartz.simpl.RAMJobStore' - which does not support persistence. and is not clustered.

[2024-06-06 09:32:25] INFO  org.quartz.impl.StdSchedulerFactory 1374 instantiate - Quartz scheduler 'quartzScheduler' initialized from an externally provided properties instance.
[2024-06-06 09:32:25] INFO  org.quartz.impl.StdSchedulerFactory 1378 instantiate - Quartz scheduler version: 2.3.2
[2024-06-06 09:32:25] INFO  org.quartz.core.QuartzScheduler 2293 setJobFactory - JobFactory set to: org.springframework.scheduling.quartz.SpringBeanJobFactory@391d1e33
[2024-06-06 09:32:25] INFO  org.springframework.boot.web.embedded.tomcat.TomcatWebServer 220 start - Tomcat started on port(s): 8080 (http) with context path ''
[2024-06-06 09:32:25] INFO  org.springframework.scheduling.quartz.SchedulerFactoryBean 729 startScheduler - Starting Quartz Scheduler now
[2024-06-06 09:32:25] INFO  org.quartz.core.QuartzScheduler 547 start - Scheduler quartzScheduler_$_NON_CLUSTERED started.
[2024-06-06 09:32:25] INFO  org.springframework.boot.StartupInfoLogger 61 logStarted - Started Neu6053Application in 4.124 seconds (JVM running for 5.269)
[2024-06-06 09:33:05] INFO  org.apache.juli.logging.DirectJDKLog 173 log - Initializing Spring DispatcherServlet 'dispatcherServlet'
[2024-06-06 09:33:05] INFO  org.springframework.web.servlet.FrameworkServlet 525 initServletBean - Initializing Servlet 'dispatcherServlet'
[2024-06-06 09:33:05] INFO  org.springframework.web.servlet.FrameworkServlet 547 initServletBean - Completed initialization in 0 ms
[2024-06-06 09:33:06] INFO  org.springdoc.api.AbstractOpenApiResource 367 getOpenApi - Init duration for springdoc-openapi is: 266 ms
[2024-06-06 09:33:17] INFO  com.alibaba.druid.pool.DruidDataSource 996 init - {dataSource-1} inited
[2024-06-06 09:40:43] INFO  org.quartz.core.QuartzScheduler 585 standby - Scheduler quartzScheduler_$_NON_CLUSTERED paused.
[2024-06-06 09:40:43] INFO  org.springframework.scheduling.quartz.SchedulerFactoryBean 847 destroy - Shutting down Quartz Scheduler
[2024-06-06 09:40:43] INFO  org.quartz.core.QuartzScheduler 666 shutdown - Scheduler quartzScheduler_$_NON_CLUSTERED shutting down.
[2024-06-06 09:40:43] INFO  org.quartz.core.QuartzScheduler 585 standby - Scheduler quartzScheduler_$_NON_CLUSTERED paused.
[2024-06-06 09:40:43] INFO  org.quartz.core.QuartzScheduler 740 shutdown - Scheduler quartzScheduler_$_NON_CLUSTERED shutdown complete.
[2024-06-06 09:40:43] INFO  com.alibaba.druid.pool.DruidDataSource 2138 close - {dataSource-1} closing ...
[2024-06-06 09:40:43] INFO  com.alibaba.druid.pool.DruidDataSource 2211 close - {dataSource-1} closed
[2024-06-06 09:40:49] INFO  org.springframework.boot.StartupInfoLogger 55 logStarting - Starting Neu6053Application using Java 1.8.0_144 on ZincIon-G15-5511 with PID 22708 (D:\gitRepository\NEU605-3\target\classes started by 1185911254@qq.com in D:\gitRepository\NEU605-3)
[2024-06-06 09:40:49] INFO  org.springframework.boot.SpringApplication 631 logStartupProfileInfo - No active profile set, falling back to 1 default profile: "default"
[2024-06-06 09:40:50] INFO  org.springframework.data.repository.config.RepositoryConfigurationDelegate 262 multipleStoresDetected - Multiple Spring Data modules found, entering strict repository configuration mode
[2024-06-06 09:40:50] INFO  org.springframework.data.repository.config.RepositoryConfigurationDelegate 132 registerRepositoriesIn - Bootstrapping Spring Data Redis repositories in DEFAULT mode.
[2024-06-06 09:40:50] INFO  org.springframework.data.repository.config.RepositoryConfigurationDelegate 201 registerRepositoriesIn - Finished Spring Data repository scanning in 6 ms. Found 0 Redis repository interfaces.
[2024-06-06 09:40:50] INFO  org.springframework.boot.web.embedded.tomcat.TomcatWebServer 108 initialize - Tomcat initialized with port(s): 8080 (http)
[2024-06-06 09:40:50] INFO  org.apache.juli.logging.DirectJDKLog 173 log - Starting service [Tomcat]
[2024-06-06 09:40:50] INFO  org.apache.juli.logging.DirectJDKLog 173 log - Starting Servlet engine: [Apache Tomcat/9.0.78]
[2024-06-06 09:40:50] INFO  org.apache.juli.logging.DirectJDKLog 173 log - Initializing Spring embedded WebApplicationContext
[2024-06-06 09:40:50] INFO  org.springframework.boot.web.servlet.context.ServletWebServerApplicationContext 292 prepareWebApplicationContext - Root WebApplicationContext: initialization completed in 878 ms
[2024-06-06 09:40:50] INFO  com.neusoft.neu6053.config.DruidConfig 23 druidServlet - init Druid Servlet Configuration 
[2024-06-06 09:40:52] INFO  org.springframework.boot.autoconfigure.web.servlet.WelcomePageHandlerMapping 58 <init> - Adding welcome page: class path resource [static/index.html]
[2024-06-06 09:40:52] INFO  org.quartz.impl.StdSchedulerFactory 1220 instantiate - Using default implementation for ThreadExecutor
[2024-06-06 09:40:52] INFO  org.quartz.core.SchedulerSignalerImpl 61 <init> - Initialized Scheduler Signaller of type: class org.quartz.core.SchedulerSignalerImpl
[2024-06-06 09:40:52] INFO  org.quartz.core.QuartzScheduler 229 <init> - Quartz Scheduler v.2.3.2 created.
[2024-06-06 09:40:52] INFO  org.quartz.simpl.RAMJobStore 155 initialize - RAMJobStore initialized.
[2024-06-06 09:40:52] INFO  org.quartz.core.QuartzScheduler 294 initialize - Scheduler meta-data: Quartz Scheduler (v2.3.2) 'quartzScheduler' with instanceId 'NON_CLUSTERED'
  Scheduler class: 'org.quartz.core.QuartzScheduler' - running locally.
  NOT STARTED.
  Currently in standby mode.
  Number of jobs executed: 0
  Using thread pool 'org.quartz.simpl.SimpleThreadPool' - with 10 threads.
  Using job-store 'org.quartz.simpl.RAMJobStore' - which does not support persistence. and is not clustered.

[2024-06-06 09:40:52] INFO  org.quartz.impl.StdSchedulerFactory 1374 instantiate - Quartz scheduler 'quartzScheduler' initialized from an externally provided properties instance.
[2024-06-06 09:40:52] INFO  org.quartz.impl.StdSchedulerFactory 1378 instantiate - Quartz scheduler version: 2.3.2
[2024-06-06 09:40:52] INFO  org.quartz.core.QuartzScheduler 2293 setJobFactory - JobFactory set to: org.springframework.scheduling.quartz.SpringBeanJobFactory@72465eb2
[2024-06-06 09:40:52] INFO  org.springframework.boot.web.embedded.tomcat.TomcatWebServer 220 start - Tomcat started on port(s): 8080 (http) with context path ''
[2024-06-06 09:40:52] INFO  org.springframework.scheduling.quartz.SchedulerFactoryBean 729 startScheduler - Starting Quartz Scheduler now
[2024-06-06 09:40:52] INFO  org.quartz.core.QuartzScheduler 547 start - Scheduler quartzScheduler_$_NON_CLUSTERED started.
[2024-06-06 09:40:52] INFO  org.springframework.boot.StartupInfoLogger 61 logStarted - Started Neu6053Application in 2.867 seconds (JVM running for 3.89)
[2024-06-06 09:40:59] INFO  org.apache.juli.logging.DirectJDKLog 173 log - Initializing Spring DispatcherServlet 'dispatcherServlet'
[2024-06-06 09:40:59] INFO  org.springframework.web.servlet.FrameworkServlet 525 initServletBean - Initializing Servlet 'dispatcherServlet'
[2024-06-06 09:40:59] INFO  org.springframework.web.servlet.FrameworkServlet 547 initServletBean - Completed initialization in 0 ms
[2024-06-06 09:40:59] INFO  org.springdoc.api.AbstractOpenApiResource 367 getOpenApi - Init duration for springdoc-openapi is: 235 ms
[2024-06-06 10:22:59] INFO  org.quartz.core.QuartzScheduler 585 standby - Scheduler quartzScheduler_$_NON_CLUSTERED paused.
[2024-06-06 10:22:59] INFO  org.springframework.scheduling.quartz.SchedulerFactoryBean 847 destroy - Shutting down Quartz Scheduler
[2024-06-06 10:22:59] INFO  org.quartz.core.QuartzScheduler 666 shutdown - Scheduler quartzScheduler_$_NON_CLUSTERED shutting down.
[2024-06-06 10:22:59] INFO  org.quartz.core.QuartzScheduler 585 standby - Scheduler quartzScheduler_$_NON_CLUSTERED paused.
[2024-06-06 10:22:59] INFO  org.quartz.core.QuartzScheduler 740 shutdown - Scheduler quartzScheduler_$_NON_CLUSTERED shutdown complete.
[2024-06-06 10:22:59] INFO  com.alibaba.druid.pool.DruidDataSource 2138 close - {dataSource-0} closing ...
[2024-06-06 10:23:05] INFO  org.springframework.boot.StartupInfoLogger 55 logStarting - Starting Neu6053Application using Java 1.8.0_144 on ZincIon-G15-5511 with PID 24508 (D:\gitRepository\NEU605-3\target\classes started by 1185911254@qq.com in D:\gitRepository\NEU605-3)
[2024-06-06 10:23:05] INFO  org.springframework.boot.SpringApplication 631 logStartupProfileInfo - No active profile set, falling back to 1 default profile: "default"
[2024-06-06 10:23:06] INFO  org.springframework.data.repository.config.RepositoryConfigurationDelegate 262 multipleStoresDetected - Multiple Spring Data modules found, entering strict repository configuration mode
[2024-06-06 10:23:06] INFO  org.springframework.data.repository.config.RepositoryConfigurationDelegate 132 registerRepositoriesIn - Bootstrapping Spring Data Redis repositories in DEFAULT mode.
[2024-06-06 10:23:06] INFO  org.springframework.data.repository.config.RepositoryConfigurationDelegate 201 registerRepositoriesIn - Finished Spring Data repository scanning in 6 ms. Found 0 Redis repository interfaces.
[2024-06-06 10:23:06] INFO  org.springframework.boot.web.embedded.tomcat.TomcatWebServer 108 initialize - Tomcat initialized with port(s): 8080 (http)
[2024-06-06 10:23:06] INFO  org.apache.juli.logging.DirectJDKLog 173 log - Starting service [Tomcat]
[2024-06-06 10:23:06] INFO  org.apache.juli.logging.DirectJDKLog 173 log - Starting Servlet engine: [Apache Tomcat/9.0.78]
[2024-06-06 10:23:06] INFO  org.apache.juli.logging.DirectJDKLog 173 log - Initializing Spring embedded WebApplicationContext
[2024-06-06 10:23:06] INFO  org.springframework.boot.web.servlet.context.ServletWebServerApplicationContext 292 prepareWebApplicationContext - Root WebApplicationContext: initialization completed in 867 ms
[2024-06-06 10:23:06] INFO  com.neusoft.neu6053.config.DruidConfig 23 druidServlet - init Druid Servlet Configuration 
[2024-06-06 10:23:07] INFO  org.springframework.boot.autoconfigure.web.servlet.WelcomePageHandlerMapping 58 <init> - Adding welcome page: class path resource [static/index.html]
[2024-06-06 10:23:08] INFO  org.quartz.impl.StdSchedulerFactory 1220 instantiate - Using default implementation for ThreadExecutor
[2024-06-06 10:23:08] INFO  org.quartz.core.SchedulerSignalerImpl 61 <init> - Initialized Scheduler Signaller of type: class org.quartz.core.SchedulerSignalerImpl
[2024-06-06 10:23:08] INFO  org.quartz.core.QuartzScheduler 229 <init> - Quartz Scheduler v.2.3.2 created.
[2024-06-06 10:23:08] INFO  org.quartz.simpl.RAMJobStore 155 initialize - RAMJobStore initialized.
[2024-06-06 10:23:08] INFO  org.quartz.core.QuartzScheduler 294 initialize - Scheduler meta-data: Quartz Scheduler (v2.3.2) 'quartzScheduler' with instanceId 'NON_CLUSTERED'
  Scheduler class: 'org.quartz.core.QuartzScheduler' - running locally.
  NOT STARTED.
  Currently in standby mode.
  Number of jobs executed: 0
  Using thread pool 'org.quartz.simpl.SimpleThreadPool' - with 10 threads.
  Using job-store 'org.quartz.simpl.RAMJobStore' - which does not support persistence. and is not clustered.

[2024-06-06 10:23:08] INFO  org.quartz.impl.StdSchedulerFactory 1374 instantiate - Quartz scheduler 'quartzScheduler' initialized from an externally provided properties instance.
[2024-06-06 10:23:08] INFO  org.quartz.impl.StdSchedulerFactory 1378 instantiate - Quartz scheduler version: 2.3.2
[2024-06-06 10:23:08] INFO  org.quartz.core.QuartzScheduler 2293 setJobFactory - JobFactory set to: org.springframework.scheduling.quartz.SpringBeanJobFactory@1a2ac487
[2024-06-06 10:23:08] INFO  org.springframework.boot.web.embedded.tomcat.TomcatWebServer 220 start - Tomcat started on port(s): 8080 (http) with context path ''
[2024-06-06 10:23:08] INFO  org.springframework.scheduling.quartz.SchedulerFactoryBean 729 startScheduler - Starting Quartz Scheduler now
[2024-06-06 10:23:08] INFO  org.quartz.core.QuartzScheduler 547 start - Scheduler quartzScheduler_$_NON_CLUSTERED started.
[2024-06-06 10:23:08] INFO  org.springframework.boot.StartupInfoLogger 61 logStarted - Started Neu6053Application in 2.761 seconds (JVM running for 3.718)
[2024-06-06 10:24:08] INFO  org.apache.juli.logging.DirectJDKLog 173 log - Initializing Spring DispatcherServlet 'dispatcherServlet'
[2024-06-06 10:24:08] INFO  org.springframework.web.servlet.FrameworkServlet 525 initServletBean - Initializing Servlet 'dispatcherServlet'
[2024-06-06 10:24:08] INFO  org.springframework.web.servlet.FrameworkServlet 547 initServletBean - Completed initialization in 2 ms
[2024-06-06 10:24:08] INFO  org.springdoc.api.AbstractOpenApiResource 367 getOpenApi - Init duration for springdoc-openapi is: 198 ms
[2024-06-06 10:24:43] INFO  com.alibaba.druid.pool.DruidDataSource 996 init - {dataSource-1} inited
[2024-06-06 10:36:48] INFO  org.quartz.core.QuartzScheduler 585 standby - Scheduler quartzScheduler_$_NON_CLUSTERED paused.
[2024-06-06 10:36:48] INFO  org.springframework.scheduling.quartz.SchedulerFactoryBean 847 destroy - Shutting down Quartz Scheduler
[2024-06-06 10:36:48] INFO  org.quartz.core.QuartzScheduler 666 shutdown - Scheduler quartzScheduler_$_NON_CLUSTERED shutting down.
[2024-06-06 10:36:48] INFO  org.quartz.core.QuartzScheduler 585 standby - Scheduler quartzScheduler_$_NON_CLUSTERED paused.
[2024-06-06 10:36:48] INFO  org.quartz.core.QuartzScheduler 740 shutdown - Scheduler quartzScheduler_$_NON_CLUSTERED shutdown complete.
[2024-06-06 10:36:48] INFO  com.alibaba.druid.pool.DruidDataSource 2138 close - {dataSource-1} closing ...
[2024-06-06 10:36:48] INFO  com.alibaba.druid.pool.DruidDataSource 2211 close - {dataSource-1} closed
[2024-06-06 10:36:54] INFO  org.springframework.boot.StartupInfoLogger 55 logStarting - Starting Neu6053Application using Java 1.8.0_144 on ZincIon-G15-5511 with PID 7012 (D:\gitRepository\NEU605-3\target\classes started by 1185911254@qq.com in D:\gitRepository\NEU605-3)
[2024-06-06 10:36:54] INFO  org.springframework.boot.SpringApplication 631 logStartupProfileInfo - No active profile set, falling back to 1 default profile: "default"
[2024-06-06 10:36:55] INFO  org.springframework.data.repository.config.RepositoryConfigurationDelegate 262 multipleStoresDetected - Multiple Spring Data modules found, entering strict repository configuration mode
[2024-06-06 10:36:55] INFO  org.springframework.data.repository.config.RepositoryConfigurationDelegate 132 registerRepositoriesIn - Bootstrapping Spring Data Redis repositories in DEFAULT mode.
[2024-06-06 10:36:55] INFO  org.springframework.data.repository.config.RepositoryConfigurationDelegate 201 registerRepositoriesIn - Finished Spring Data repository scanning in 6 ms. Found 0 Redis repository interfaces.
[2024-06-06 10:36:55] INFO  org.springframework.boot.web.embedded.tomcat.TomcatWebServer 108 initialize - Tomcat initialized with port(s): 8080 (http)
[2024-06-06 10:36:55] INFO  org.apache.juli.logging.DirectJDKLog 173 log - Starting service [Tomcat]
[2024-06-06 10:36:55] INFO  org.apache.juli.logging.DirectJDKLog 173 log - Starting Servlet engine: [Apache Tomcat/9.0.78]
[2024-06-06 10:36:55] INFO  org.apache.juli.logging.DirectJDKLog 173 log - Initializing Spring embedded WebApplicationContext
[2024-06-06 10:36:55] INFO  org.springframework.boot.web.servlet.context.ServletWebServerApplicationContext 292 prepareWebApplicationContext - Root WebApplicationContext: initialization completed in 870 ms
[2024-06-06 10:36:55] INFO  com.neusoft.neu6053.config.DruidConfig 23 druidServlet - init Druid Servlet Configuration 
[2024-06-06 10:36:57] INFO  org.springframework.boot.autoconfigure.web.servlet.WelcomePageHandlerMapping 58 <init> - Adding welcome page: class path resource [static/index.html]
[2024-06-06 10:36:57] INFO  org.quartz.impl.StdSchedulerFactory 1220 instantiate - Using default implementation for ThreadExecutor
[2024-06-06 10:36:57] INFO  org.quartz.core.SchedulerSignalerImpl 61 <init> - Initialized Scheduler Signaller of type: class org.quartz.core.SchedulerSignalerImpl
[2024-06-06 10:36:57] INFO  org.quartz.core.QuartzScheduler 229 <init> - Quartz Scheduler v.2.3.2 created.
[2024-06-06 10:36:57] INFO  org.quartz.simpl.RAMJobStore 155 initialize - RAMJobStore initialized.
[2024-06-06 10:36:57] INFO  org.quartz.core.QuartzScheduler 294 initialize - Scheduler meta-data: Quartz Scheduler (v2.3.2) 'quartzScheduler' with instanceId 'NON_CLUSTERED'
  Scheduler class: 'org.quartz.core.QuartzScheduler' - running locally.
  NOT STARTED.
  Currently in standby mode.
  Number of jobs executed: 0
  Using thread pool 'org.quartz.simpl.SimpleThreadPool' - with 10 threads.
  Using job-store 'org.quartz.simpl.RAMJobStore' - which does not support persistence. and is not clustered.

[2024-06-06 10:36:57] INFO  org.quartz.impl.StdSchedulerFactory 1374 instantiate - Quartz scheduler 'quartzScheduler' initialized from an externally provided properties instance.
[2024-06-06 10:36:57] INFO  org.quartz.impl.StdSchedulerFactory 1378 instantiate - Quartz scheduler version: 2.3.2
[2024-06-06 10:36:57] INFO  org.quartz.core.QuartzScheduler 2293 setJobFactory - JobFactory set to: org.springframework.scheduling.quartz.SpringBeanJobFactory@72465eb2
[2024-06-06 10:36:57] INFO  org.springframework.boot.web.embedded.tomcat.TomcatWebServer 220 start - Tomcat started on port(s): 8080 (http) with context path ''
[2024-06-06 10:36:57] INFO  org.springframework.scheduling.quartz.SchedulerFactoryBean 729 startScheduler - Starting Quartz Scheduler now
[2024-06-06 10:36:57] INFO  org.quartz.core.QuartzScheduler 547 start - Scheduler quartzScheduler_$_NON_CLUSTERED started.
[2024-06-06 10:36:57] INFO  org.springframework.boot.StartupInfoLogger 61 logStarted - Started Neu6053Application in 2.767 seconds (JVM running for 3.717)
[2024-06-06 10:37:06] INFO  org.apache.juli.logging.DirectJDKLog 173 log - Initializing Spring DispatcherServlet 'dispatcherServlet'
[2024-06-06 10:37:06] INFO  org.springframework.web.servlet.FrameworkServlet 525 initServletBean - Initializing Servlet 'dispatcherServlet'
[2024-06-06 10:37:06] INFO  org.springframework.web.servlet.FrameworkServlet 547 initServletBean - Completed initialization in 6 ms
[2024-06-06 10:37:06] INFO  org.springdoc.api.AbstractOpenApiResource 367 getOpenApi - Init duration for springdoc-openapi is: 205 ms
[2024-06-06 10:37:26] INFO  com.alibaba.druid.pool.DruidDataSource 996 init - {dataSource-1} inited
[2024-06-06 10:39:28] INFO  org.quartz.core.QuartzScheduler 585 standby - Scheduler quartzScheduler_$_NON_CLUSTERED paused.
[2024-06-06 10:39:28] INFO  org.springframework.scheduling.quartz.SchedulerFactoryBean 847 destroy - Shutting down Quartz Scheduler
[2024-06-06 10:39:28] INFO  org.quartz.core.QuartzScheduler 666 shutdown - Scheduler quartzScheduler_$_NON_CLUSTERED shutting down.
[2024-06-06 10:39:28] INFO  org.quartz.core.QuartzScheduler 585 standby - Scheduler quartzScheduler_$_NON_CLUSTERED paused.
[2024-06-06 10:39:28] INFO  org.quartz.core.QuartzScheduler 740 shutdown - Scheduler quartzScheduler_$_NON_CLUSTERED shutdown complete.
[2024-06-06 10:39:28] INFO  com.alibaba.druid.pool.DruidDataSource 2138 close - {dataSource-1} closing ...
[2024-06-06 10:39:28] INFO  com.alibaba.druid.pool.DruidDataSource 2211 close - {dataSource-1} closed
[2024-06-06 10:39:43] INFO  org.springframework.test.context.support.AbstractTestContextBootstrapper 305 buildDefaultMergedContextConfiguration - Neither @ContextConfiguration nor @ContextHierarchy found for test class [com.neusoft.neu6053.AdminApplicationTests], using SpringBootContextLoader
[2024-06-06 10:39:43] INFO  org.springframework.test.context.support.AbstractContextLoader 264 generateDefaultLocations - Could not detect default resource locations for test class [com.neusoft.neu6053.AdminApplicationTests]: no resource found for suffixes {-context.xml, Context.groovy}.
[2024-06-06 10:39:43] INFO  org.springframework.test.context.support.AnnotationConfigContextLoaderUtils 83 detectDefaultConfigurationClasses - Could not detect default configuration classes for test class [com.neusoft.neu6053.AdminApplicationTests]: AdminApplicationTests does not declare any static, non-private, non-final, nested classes annotated with @Configuration.
[2024-06-06 10:39:43] INFO  org.springframework.boot.test.context.SpringBootTestContextBootstrapper 239 getOrFindConfigurationClasses - Found @SpringBootConfiguration com.neusoft.neu6053.Neu6053Application for test class com.neusoft.neu6053.AdminApplicationTests
[2024-06-06 10:39:43] INFO  org.springframework.test.context.support.AbstractTestContextBootstrapper 245 getDefaultTestExecutionListenerClassNames - Loaded default TestExecutionListener class names from location [META-INF/spring.factories]: [org.springframework.boot.test.mock.mockito.MockitoTestExecutionListener, org.springframework.boot.test.mock.mockito.ResetMocksTestExecutionListener, org.springframework.boot.test.autoconfigure.restdocs.RestDocsTestExecutionListener, org.springframework.boot.test.autoconfigure.web.client.MockRestServiceServerResetTestExecutionListener, org.springframework.boot.test.autoconfigure.web.servlet.MockMvcPrintOnlyOnFailureTestExecutionListener, org.springframework.boot.test.autoconfigure.web.servlet.WebDriverTestExecutionListener, org.springframework.boot.test.autoconfigure.webservices.client.MockWebServiceServerTestExecutionListener, org.springframework.test.context.web.ServletTestExecutionListener, org.springframework.test.context.support.DirtiesContextBeforeModesTestExecutionListener, org.springframework.test.context.event.ApplicationEventsTestExecutionListener, org.springframework.test.context.support.DependencyInjectionTestExecutionListener, org.springframework.test.context.support.DirtiesContextTestExecutionListener, org.springframework.test.context.transaction.TransactionalTestExecutionListener, org.springframework.test.context.jdbc.SqlScriptsTestExecutionListener, org.springframework.test.context.event.EventPublishingTestExecutionListener]
[2024-06-06 10:39:43] INFO  org.springframework.test.context.support.AbstractTestContextBootstrapper 174 getTestExecutionListeners - Using TestExecutionListeners: [org.springframework.test.context.web.ServletTestExecutionListener@7642df8f, org.springframework.test.context.support.DirtiesContextBeforeModesTestExecutionListener@3e30646a, org.springframework.test.context.event.ApplicationEventsTestExecutionListener@5cde6747, org.springframework.boot.test.mock.mockito.MockitoTestExecutionListener@63a270c9, org.springframework.boot.test.autoconfigure.SpringBootDependencyInjectionTestExecutionListener@37c7595, org.springframework.test.context.support.DirtiesContextTestExecutionListener@3ed242a4, org.springframework.test.context.transaction.TransactionalTestExecutionListener@1199fe66, org.springframework.test.context.jdbc.SqlScriptsTestExecutionListener@614df0a4, org.springframework.test.context.event.EventPublishingTestExecutionListener@1fdf1c5, org.springframework.boot.test.mock.mockito.ResetMocksTestExecutionListener@2d96543c, org.springframework.boot.test.autoconfigure.restdocs.RestDocsTestExecutionListener@73a2e526, org.springframework.boot.test.autoconfigure.web.client.MockRestServiceServerResetTestExecutionListener@7d64e326, org.springframework.boot.test.autoconfigure.web.servlet.MockMvcPrintOnlyOnFailureTestExecutionListener@13f95696, org.springframework.boot.test.autoconfigure.web.servlet.WebDriverTestExecutionListener@cd1d761, org.springframework.boot.test.autoconfigure.webservices.client.MockWebServiceServerTestExecutionListener@68be8808]
[2024-06-06 10:39:43] INFO  org.springframework.boot.StartupInfoLogger 55 logStarting - Starting AdminApplicationTests using Java 1.8.0_144 on ZincIon-G15-5511 with PID 20552 (started by 1185911254@qq.com in D:\gitRepository\NEU605-3)
[2024-06-06 10:39:43] INFO  org.springframework.boot.SpringApplication 631 logStartupProfileInfo - No active profile set, falling back to 1 default profile: "default"
[2024-06-06 10:39:44] INFO  org.springframework.data.repository.config.RepositoryConfigurationDelegate 262 multipleStoresDetected - Multiple Spring Data modules found, entering strict repository configuration mode
[2024-06-06 10:39:44] INFO  org.springframework.data.repository.config.RepositoryConfigurationDelegate 132 registerRepositoriesIn - Bootstrapping Spring Data Redis repositories in DEFAULT mode.
[2024-06-06 10:39:44] INFO  org.springframework.data.repository.config.RepositoryConfigurationDelegate 201 registerRepositoriesIn - Finished Spring Data repository scanning in 7 ms. Found 0 Redis repository interfaces.
[2024-06-06 10:39:46] INFO  com.neusoft.neu6053.config.DruidConfig 23 druidServlet - init Druid Servlet Configuration 
[2024-06-06 10:39:46] INFO  org.springframework.boot.autoconfigure.web.servlet.WelcomePageHandlerMapping 58 <init> - Adding welcome page: class path resource [static/index.html]
[2024-06-06 10:39:47] INFO  org.quartz.impl.StdSchedulerFactory 1220 instantiate - Using default implementation for ThreadExecutor
[2024-06-06 10:39:47] INFO  org.quartz.core.SchedulerSignalerImpl 61 <init> - Initialized Scheduler Signaller of type: class org.quartz.core.SchedulerSignalerImpl
[2024-06-06 10:39:47] INFO  org.quartz.core.QuartzScheduler 229 <init> - Quartz Scheduler v.2.3.2 created.
[2024-06-06 10:39:47] INFO  org.quartz.simpl.RAMJobStore 155 initialize - RAMJobStore initialized.
[2024-06-06 10:39:47] INFO  org.quartz.core.QuartzScheduler 294 initialize - Scheduler meta-data: Quartz Scheduler (v2.3.2) 'quartzScheduler' with instanceId 'NON_CLUSTERED'
  Scheduler class: 'org.quartz.core.QuartzScheduler' - running locally.
  NOT STARTED.
  Currently in standby mode.
  Number of jobs executed: 0
  Using thread pool 'org.quartz.simpl.SimpleThreadPool' - with 10 threads.
  Using job-store 'org.quartz.simpl.RAMJobStore' - which does not support persistence. and is not clustered.

[2024-06-06 10:39:47] INFO  org.quartz.impl.StdSchedulerFactory 1374 instantiate - Quartz scheduler 'quartzScheduler' initialized from an externally provided properties instance.
[2024-06-06 10:39:47] INFO  org.quartz.impl.StdSchedulerFactory 1378 instantiate - Quartz scheduler version: 2.3.2
[2024-06-06 10:39:47] INFO  org.quartz.core.QuartzScheduler 2293 setJobFactory - JobFactory set to: org.springframework.scheduling.quartz.SpringBeanJobFactory@176333ee
[2024-06-06 10:39:47] INFO  org.springframework.scheduling.quartz.SchedulerFactoryBean 729 startScheduler - Starting Quartz Scheduler now
[2024-06-06 10:39:47] INFO  org.quartz.core.QuartzScheduler 547 start - Scheduler quartzScheduler_$_NON_CLUSTERED started.
[2024-06-06 10:39:47] INFO  org.springframework.boot.StartupInfoLogger 61 logStarted - Started AdminApplicationTests in 4.334 seconds (JVM running for 5.374)
[2024-06-06 10:39:53] INFO  com.alibaba.druid.pool.DruidDataSource 996 init - {dataSource-1} inited
[2024-06-06 10:39:54] INFO  org.quartz.core.QuartzScheduler 585 standby - Scheduler quartzScheduler_$_NON_CLUSTERED paused.
[2024-06-06 10:39:54] INFO  org.springframework.scheduling.quartz.SchedulerFactoryBean 847 destroy - Shutting down Quartz Scheduler
[2024-06-06 10:39:54] INFO  org.quartz.core.QuartzScheduler 666 shutdown - Scheduler quartzScheduler_$_NON_CLUSTERED shutting down.
[2024-06-06 10:39:54] INFO  org.quartz.core.QuartzScheduler 585 standby - Scheduler quartzScheduler_$_NON_CLUSTERED paused.
[2024-06-06 10:39:54] INFO  org.quartz.core.QuartzScheduler 740 shutdown - Scheduler quartzScheduler_$_NON_CLUSTERED shutdown complete.
[2024-06-06 10:39:54] INFO  com.alibaba.druid.pool.DruidDataSource 2138 close - {dataSource-1} closing ...
[2024-06-06 10:39:54] INFO  com.alibaba.druid.pool.DruidDataSource 2211 close - {dataSource-1} closed
[2024-06-06 10:40:04] INFO  org.springframework.test.context.support.AbstractTestContextBootstrapper 305 buildDefaultMergedContextConfiguration - Neither @ContextConfiguration nor @ContextHierarchy found for test class [com.neusoft.neu6053.SupervisorApplicationTests], using SpringBootContextLoader
[2024-06-06 10:40:04] INFO  org.springframework.test.context.support.AbstractContextLoader 264 generateDefaultLocations - Could not detect default resource locations for test class [com.neusoft.neu6053.SupervisorApplicationTests]: no resource found for suffixes {-context.xml, Context.groovy}.
[2024-06-06 10:40:04] INFO  org.springframework.test.context.support.AnnotationConfigContextLoaderUtils 83 detectDefaultConfigurationClasses - Could not detect default configuration classes for test class [com.neusoft.neu6053.SupervisorApplicationTests]: SupervisorApplicationTests does not declare any static, non-private, non-final, nested classes annotated with @Configuration.
[2024-06-06 10:40:04] INFO  org.springframework.boot.test.context.SpringBootTestContextBootstrapper 239 getOrFindConfigurationClasses - Found @SpringBootConfiguration com.neusoft.neu6053.Neu6053Application for test class com.neusoft.neu6053.SupervisorApplicationTests
[2024-06-06 10:40:05] INFO  org.springframework.test.context.support.AbstractTestContextBootstrapper 245 getDefaultTestExecutionListenerClassNames - Loaded default TestExecutionListener class names from location [META-INF/spring.factories]: [org.springframework.boot.test.mock.mockito.MockitoTestExecutionListener, org.springframework.boot.test.mock.mockito.ResetMocksTestExecutionListener, org.springframework.boot.test.autoconfigure.restdocs.RestDocsTestExecutionListener, org.springframework.boot.test.autoconfigure.web.client.MockRestServiceServerResetTestExecutionListener, org.springframework.boot.test.autoconfigure.web.servlet.MockMvcPrintOnlyOnFailureTestExecutionListener, org.springframework.boot.test.autoconfigure.web.servlet.WebDriverTestExecutionListener, org.springframework.boot.test.autoconfigure.webservices.client.MockWebServiceServerTestExecutionListener, org.springframework.test.context.web.ServletTestExecutionListener, org.springframework.test.context.support.DirtiesContextBeforeModesTestExecutionListener, org.springframework.test.context.event.ApplicationEventsTestExecutionListener, org.springframework.test.context.support.DependencyInjectionTestExecutionListener, org.springframework.test.context.support.DirtiesContextTestExecutionListener, org.springframework.test.context.transaction.TransactionalTestExecutionListener, org.springframework.test.context.jdbc.SqlScriptsTestExecutionListener, org.springframework.test.context.event.EventPublishingTestExecutionListener]
[2024-06-06 10:40:05] INFO  org.springframework.test.context.support.AbstractTestContextBootstrapper 174 getTestExecutionListeners - Using TestExecutionListeners: [org.springframework.test.context.web.ServletTestExecutionListener@67304a40, org.springframework.test.context.support.DirtiesContextBeforeModesTestExecutionListener@49c6c24f, org.springframework.test.context.event.ApplicationEventsTestExecutionListener@6fe1b4fb, org.springframework.boot.test.mock.mockito.MockitoTestExecutionListener@79351f41, org.springframework.boot.test.autoconfigure.SpringBootDependencyInjectionTestExecutionListener@1c32386d, org.springframework.test.context.support.DirtiesContextTestExecutionListener@6399551e, org.springframework.test.context.transaction.TransactionalTestExecutionListener@13d73fa, org.springframework.test.context.jdbc.SqlScriptsTestExecutionListener@5023bb8b, org.springframework.test.context.event.EventPublishingTestExecutionListener@5d5f10b2, org.springframework.boot.test.mock.mockito.ResetMocksTestExecutionListener@74c79fa2, org.springframework.boot.test.autoconfigure.restdocs.RestDocsTestExecutionListener@1e0f9063, org.springframework.boot.test.autoconfigure.web.client.MockRestServiceServerResetTestExecutionListener@53bd8fca, org.springframework.boot.test.autoconfigure.web.servlet.MockMvcPrintOnlyOnFailureTestExecutionListener@7642df8f, org.springframework.boot.test.autoconfigure.web.servlet.WebDriverTestExecutionListener@3e30646a, org.springframework.boot.test.autoconfigure.webservices.client.MockWebServiceServerTestExecutionListener@5cde6747]
[2024-06-06 10:40:05] INFO  org.springframework.boot.StartupInfoLogger 55 logStarting - Starting SupervisorApplicationTests using Java 1.8.0_144 on ZincIon-G15-5511 with PID 10008 (started by 1185911254@qq.com in D:\gitRepository\NEU605-3)
[2024-06-06 10:40:05] INFO  org.springframework.boot.SpringApplication 631 logStartupProfileInfo - No active profile set, falling back to 1 default profile: "default"
[2024-06-06 10:40:05] INFO  org.springframework.data.repository.config.RepositoryConfigurationDelegate 262 multipleStoresDetected - Multiple Spring Data modules found, entering strict repository configuration mode
[2024-06-06 10:40:05] INFO  org.springframework.data.repository.config.RepositoryConfigurationDelegate 132 registerRepositoriesIn - Bootstrapping Spring Data Redis repositories in DEFAULT mode.
[2024-06-06 10:40:05] INFO  org.springframework.data.repository.config.RepositoryConfigurationDelegate 201 registerRepositoriesIn - Finished Spring Data repository scanning in 7 ms. Found 0 Redis repository interfaces.
[2024-06-06 10:40:07] INFO  com.neusoft.neu6053.config.DruidConfig 23 druidServlet - init Druid Servlet Configuration 
[2024-06-06 10:40:08] INFO  org.springframework.boot.autoconfigure.web.servlet.WelcomePageHandlerMapping 58 <init> - Adding welcome page: class path resource [static/index.html]
[2024-06-06 10:40:09] INFO  org.quartz.impl.StdSchedulerFactory 1220 instantiate - Using default implementation for ThreadExecutor
[2024-06-06 10:40:09] INFO  org.quartz.core.SchedulerSignalerImpl 61 <init> - Initialized Scheduler Signaller of type: class org.quartz.core.SchedulerSignalerImpl
[2024-06-06 10:40:09] INFO  org.quartz.core.QuartzScheduler 229 <init> - Quartz Scheduler v.2.3.2 created.
[2024-06-06 10:40:09] INFO  org.quartz.simpl.RAMJobStore 155 initialize - RAMJobStore initialized.
[2024-06-06 10:40:09] INFO  org.quartz.core.QuartzScheduler 294 initialize - Scheduler meta-data: Quartz Scheduler (v2.3.2) 'quartzScheduler' with instanceId 'NON_CLUSTERED'
  Scheduler class: 'org.quartz.core.QuartzScheduler' - running locally.
  NOT STARTED.
  Currently in standby mode.
  Number of jobs executed: 0
  Using thread pool 'org.quartz.simpl.SimpleThreadPool' - with 10 threads.
  Using job-store 'org.quartz.simpl.RAMJobStore' - which does not support persistence. and is not clustered.

[2024-06-06 10:40:09] INFO  org.quartz.impl.StdSchedulerFactory 1374 instantiate - Quartz scheduler 'quartzScheduler' initialized from an externally provided properties instance.
[2024-06-06 10:40:09] INFO  org.quartz.impl.StdSchedulerFactory 1378 instantiate - Quartz scheduler version: 2.3.2
[2024-06-06 10:40:09] INFO  org.quartz.core.QuartzScheduler 2293 setJobFactory - JobFactory set to: org.springframework.scheduling.quartz.SpringBeanJobFactory@316d30ad
[2024-06-06 10:40:09] INFO  org.springframework.scheduling.quartz.SchedulerFactoryBean 729 startScheduler - Starting Quartz Scheduler now
[2024-06-06 10:40:09] INFO  org.quartz.core.QuartzScheduler 547 start - Scheduler quartzScheduler_$_NON_CLUSTERED started.
[2024-06-06 10:40:09] INFO  org.springframework.boot.StartupInfoLogger 61 logStarted - Started SupervisorApplicationTests in 4.243 seconds (JVM running for 5.264)
[2024-06-06 10:40:13] INFO  com.alibaba.druid.pool.DruidDataSource 996 init - {dataSource-1} inited
[2024-06-06 10:40:16] INFO  org.quartz.core.QuartzScheduler 585 standby - Scheduler quartzScheduler_$_NON_CLUSTERED paused.
[2024-06-06 10:40:16] INFO  org.springframework.scheduling.quartz.SchedulerFactoryBean 847 destroy - Shutting down Quartz Scheduler
[2024-06-06 10:40:16] INFO  org.quartz.core.QuartzScheduler 666 shutdown - Scheduler quartzScheduler_$_NON_CLUSTERED shutting down.
[2024-06-06 10:40:16] INFO  org.quartz.core.QuartzScheduler 585 standby - Scheduler quartzScheduler_$_NON_CLUSTERED paused.
[2024-06-06 10:40:16] INFO  org.quartz.core.QuartzScheduler 740 shutdown - Scheduler quartzScheduler_$_NON_CLUSTERED shutdown complete.
[2024-06-06 10:40:16] INFO  com.alibaba.druid.pool.DruidDataSource 2138 close - {dataSource-1} closing ...
[2024-06-06 10:40:16] INFO  com.alibaba.druid.pool.DruidDataSource 2211 close - {dataSource-1} closed
