[2024-06-11 09:42:58] WARN  org.springframework.boot.autoconfigure.freemarker.FreeMarkerAutoConfiguration 65 checkTemplateLocationExists - Cannot find template location(s): [classpath:/templates/] (please add some templates, check your FreeMarker configuration, or set spring.freemarker.check-template-location=false)
[2024-06-11 09:56:22] WARN  org.springframework.boot.autoconfigure.freemarker.FreeMarkerAutoConfiguration 65 checkTemplateLocationExists - Cannot find template location(s): [classpath:/templates/] (please add some templates, check your FreeMarker configuration, or set spring.freemarker.check-template-location=false)
[2024-06-11 10:02:30] WARN  org.springframework.boot.autoconfigure.freemarker.FreeMarkerAutoConfiguration 65 checkTemplateLocationExists - Cannot find template location(s): [classpath:/templates/] (please add some templates, check your FreeMarker configuration, or set spring.freemarker.check-template-location=false)
[2024-06-11 10:15:35] WARN  org.springframework.boot.autoconfigure.freemarker.FreeMarkerAutoConfiguration 65 checkTemplateLocationExists - Cannot find template location(s): [classpath:/templates/] (please add some templates, check your FreeMarker configuration, or set spring.freemarker.check-template-location=false)
[2024-06-11 10:17:28] WARN  org.springframework.boot.autoconfigure.freemarker.FreeMarkerAutoConfiguration 65 checkTemplateLocationExists - Cannot find template location(s): [classpath:/templates/] (please add some templates, check your FreeMarker configuration, or set spring.freemarker.check-template-location=false)
[2024-06-11 10:22:53] WARN  org.springframework.boot.autoconfigure.freemarker.FreeMarkerAutoConfiguration 65 checkTemplateLocationExists - Cannot find template location(s): [classpath:/templates/] (please add some templates, check your FreeMarker configuration, or set spring.freemarker.check-template-location=false)
[2024-06-11 10:24:35] WARN  org.springframework.boot.autoconfigure.freemarker.FreeMarkerAutoConfiguration 65 checkTemplateLocationExists - Cannot find template location(s): [classpath:/templates/] (please add some templates, check your FreeMarker configuration, or set spring.freemarker.check-template-location=false)
[2024-06-11 10:26:20] WARN  org.springframework.boot.autoconfigure.freemarker.FreeMarkerAutoConfiguration 65 checkTemplateLocationExists - Cannot find template location(s): [classpath:/templates/] (please add some templates, check your FreeMarker configuration, or set spring.freemarker.check-template-location=false)
[2024-06-11 10:34:29] WARN  org.springframework.boot.autoconfigure.freemarker.FreeMarkerAutoConfiguration 65 checkTemplateLocationExists - Cannot find template location(s): [classpath:/templates/] (please add some templates, check your FreeMarker configuration, or set spring.freemarker.check-template-location=false)
[2024-06-11 10:34:55] WARN  org.springframework.boot.autoconfigure.freemarker.FreeMarkerAutoConfiguration 65 checkTemplateLocationExists - Cannot find template location(s): [classpath:/templates/] (please add some templates, check your FreeMarker configuration, or set spring.freemarker.check-template-location=false)
[2024-06-11 10:44:13] WARN  io.netty.util.internal.logging.AbstractInternalLogger 105 log - Cannot reconnect to [60.205.0.18:6379]: java.nio.channels.ClosedChannelException java.nio.channels.ClosedChannelException: null
	at io.netty.channel.nio.AbstractNioChannel.doClose(AbstractNioChannel.java:502) ~[netty-transport-4.1.94.Final.jar:4.1.94.Final]
	at io.netty.channel.socket.nio.NioSocketChannel.doClose(NioSocketChannel.java:349) ~[netty-transport-4.1.94.Final.jar:4.1.94.Final]
	at io.netty.channel.AbstractChannel$AbstractUnsafe.doClose0(AbstractChannel.java:754) ~[netty-transport-4.1.94.Final.jar:4.1.94.Final]
	at io.netty.channel.AbstractChannel$AbstractUnsafe.close(AbstractChannel.java:731) ~[netty-transport-4.1.94.Final.jar:4.1.94.Final]
	at io.netty.channel.AbstractChannel$AbstractUnsafe.close(AbstractChannel.java:620) ~[netty-transport-4.1.94.Final.jar:4.1.94.Final]
	at io.netty.channel.DefaultChannelPipeline$HeadContext.close(DefaultChannelPipeline.java:1352) ~[netty-transport-4.1.94.Final.jar:4.1.94.Final]
	at io.netty.channel.AbstractChannelHandlerContext.invokeClose(AbstractChannelHandlerContext.java:749) ~[netty-transport-4.1.94.Final.jar:4.1.94.Final]
	at io.netty.channel.AbstractChannelHandlerContext.access$1200(AbstractChannelHandlerContext.java:61) ~[netty-transport-4.1.94.Final.jar:4.1.94.Final]
	at io.netty.channel.AbstractChannelHandlerContext$11.run(AbstractChannelHandlerContext.java:732) ~[netty-transport-4.1.94.Final.jar:4.1.94.Final]
	at io.netty.util.concurrent.AbstractEventExecutor.runTask(AbstractEventExecutor.java:174) ~[netty-common-4.1.94.Final.jar:4.1.94.Final]
	at io.netty.util.concurrent.AbstractEventExecutor.safeExecute(AbstractEventExecutor.java:167) ~[netty-common-4.1.94.Final.jar:4.1.94.Final]
	at io.netty.util.concurrent.SingleThreadEventExecutor.runAllTasks(SingleThreadEventExecutor.java:470) ~[netty-common-4.1.94.Final.jar:4.1.94.Final]
	at io.netty.channel.nio.NioEventLoop.run(NioEventLoop.java:569) ~[netty-transport-4.1.94.Final.jar:4.1.94.Final]
	at io.netty.util.concurrent.SingleThreadEventExecutor$4.run(SingleThreadEventExecutor.java:997) ~[netty-common-4.1.94.Final.jar:4.1.94.Final]
	at io.netty.util.internal.ThreadExecutorMap$2.run(ThreadExecutorMap.java:74) ~[netty-common-4.1.94.Final.jar:4.1.94.Final]
	at io.netty.util.concurrent.FastThreadLocalRunnable.run(FastThreadLocalRunnable.java:30) ~[netty-common-4.1.94.Final.jar:4.1.94.Final]
	at java.lang.Thread.run(Thread.java:748) ~[?:1.8.0_144]

[2024-06-11 10:44:19] WARN  io.netty.util.internal.logging.AbstractInternalLogger 105 log - Cannot reconnect to [60.205.0.18:6379]: java.nio.channels.ClosedChannelException java.nio.channels.ClosedChannelException: null
	at io.netty.channel.nio.AbstractNioChannel.doClose(AbstractNioChannel.java:502) ~[netty-transport-4.1.94.Final.jar:4.1.94.Final]
	at io.netty.channel.socket.nio.NioSocketChannel.doClose(NioSocketChannel.java:349) ~[netty-transport-4.1.94.Final.jar:4.1.94.Final]
	at io.netty.channel.AbstractChannel$AbstractUnsafe.doClose0(AbstractChannel.java:754) ~[netty-transport-4.1.94.Final.jar:4.1.94.Final]
	at io.netty.channel.AbstractChannel$AbstractUnsafe.close(AbstractChannel.java:731) ~[netty-transport-4.1.94.Final.jar:4.1.94.Final]
	at io.netty.channel.AbstractChannel$AbstractUnsafe.close(AbstractChannel.java:620) ~[netty-transport-4.1.94.Final.jar:4.1.94.Final]
	at io.netty.channel.DefaultChannelPipeline$HeadContext.close(DefaultChannelPipeline.java:1352) ~[netty-transport-4.1.94.Final.jar:4.1.94.Final]
	at io.netty.channel.AbstractChannelHandlerContext.invokeClose(AbstractChannelHandlerContext.java:749) ~[netty-transport-4.1.94.Final.jar:4.1.94.Final]
	at io.netty.channel.AbstractChannelHandlerContext.access$1200(AbstractChannelHandlerContext.java:61) ~[netty-transport-4.1.94.Final.jar:4.1.94.Final]
	at io.netty.channel.AbstractChannelHandlerContext$11.run(AbstractChannelHandlerContext.java:732) ~[netty-transport-4.1.94.Final.jar:4.1.94.Final]
	at io.netty.util.concurrent.AbstractEventExecutor.runTask(AbstractEventExecutor.java:174) ~[netty-common-4.1.94.Final.jar:4.1.94.Final]
	at io.netty.util.concurrent.AbstractEventExecutor.safeExecute(AbstractEventExecutor.java:167) ~[netty-common-4.1.94.Final.jar:4.1.94.Final]
	at io.netty.util.concurrent.SingleThreadEventExecutor.runAllTasks(SingleThreadEventExecutor.java:470) ~[netty-common-4.1.94.Final.jar:4.1.94.Final]
	at io.netty.channel.nio.NioEventLoop.run(NioEventLoop.java:569) ~[netty-transport-4.1.94.Final.jar:4.1.94.Final]
	at io.netty.util.concurrent.SingleThreadEventExecutor$4.run(SingleThreadEventExecutor.java:997) ~[netty-common-4.1.94.Final.jar:4.1.94.Final]
	at io.netty.util.internal.ThreadExecutorMap$2.run(ThreadExecutorMap.java:74) ~[netty-common-4.1.94.Final.jar:4.1.94.Final]
	at io.netty.util.concurrent.FastThreadLocalRunnable.run(FastThreadLocalRunnable.java:30) ~[netty-common-4.1.94.Final.jar:4.1.94.Final]
	at java.lang.Thread.run(Thread.java:748) ~[?:1.8.0_144]

[2024-06-11 10:44:30] WARN  io.netty.util.internal.logging.AbstractInternalLogger 105 log - Cannot reconnect to [60.205.0.18:6379]: java.nio.channels.ClosedChannelException java.nio.channels.ClosedChannelException: null
	at io.netty.channel.nio.AbstractNioChannel.doClose(AbstractNioChannel.java:502) ~[netty-transport-4.1.94.Final.jar:4.1.94.Final]
	at io.netty.channel.socket.nio.NioSocketChannel.doClose(NioSocketChannel.java:349) ~[netty-transport-4.1.94.Final.jar:4.1.94.Final]
	at io.netty.channel.AbstractChannel$AbstractUnsafe.doClose0(AbstractChannel.java:754) ~[netty-transport-4.1.94.Final.jar:4.1.94.Final]
	at io.netty.channel.AbstractChannel$AbstractUnsafe.close(AbstractChannel.java:731) ~[netty-transport-4.1.94.Final.jar:4.1.94.Final]
	at io.netty.channel.AbstractChannel$AbstractUnsafe.close(AbstractChannel.java:620) ~[netty-transport-4.1.94.Final.jar:4.1.94.Final]
	at io.netty.channel.DefaultChannelPipeline$HeadContext.close(DefaultChannelPipeline.java:1352) ~[netty-transport-4.1.94.Final.jar:4.1.94.Final]
	at io.netty.channel.AbstractChannelHandlerContext.invokeClose(AbstractChannelHandlerContext.java:749) ~[netty-transport-4.1.94.Final.jar:4.1.94.Final]
	at io.netty.channel.AbstractChannelHandlerContext.access$1200(AbstractChannelHandlerContext.java:61) ~[netty-transport-4.1.94.Final.jar:4.1.94.Final]
	at io.netty.channel.AbstractChannelHandlerContext$11.run(AbstractChannelHandlerContext.java:732) ~[netty-transport-4.1.94.Final.jar:4.1.94.Final]
	at io.netty.util.concurrent.AbstractEventExecutor.runTask(AbstractEventExecutor.java:174) ~[netty-common-4.1.94.Final.jar:4.1.94.Final]
	at io.netty.util.concurrent.AbstractEventExecutor.safeExecute(AbstractEventExecutor.java:167) ~[netty-common-4.1.94.Final.jar:4.1.94.Final]
	at io.netty.util.concurrent.SingleThreadEventExecutor.runAllTasks(SingleThreadEventExecutor.java:470) ~[netty-common-4.1.94.Final.jar:4.1.94.Final]
	at io.netty.channel.nio.NioEventLoop.run(NioEventLoop.java:569) ~[netty-transport-4.1.94.Final.jar:4.1.94.Final]
	at io.netty.util.concurrent.SingleThreadEventExecutor$4.run(SingleThreadEventExecutor.java:997) ~[netty-common-4.1.94.Final.jar:4.1.94.Final]
	at io.netty.util.internal.ThreadExecutorMap$2.run(ThreadExecutorMap.java:74) ~[netty-common-4.1.94.Final.jar:4.1.94.Final]
	at io.netty.util.concurrent.FastThreadLocalRunnable.run(FastThreadLocalRunnable.java:30) ~[netty-common-4.1.94.Final.jar:4.1.94.Final]
	at java.lang.Thread.run(Thread.java:748) ~[?:1.8.0_144]

[2024-06-11 10:53:08] WARN  org.springframework.boot.autoconfigure.freemarker.FreeMarkerAutoConfiguration 65 checkTemplateLocationExists - Cannot find template location(s): [classpath:/templates/] (please add some templates, check your FreeMarker configuration, or set spring.freemarker.check-template-location=false)
[2024-06-11 10:56:18] WARN  org.springframework.boot.autoconfigure.freemarker.FreeMarkerAutoConfiguration 65 checkTemplateLocationExists - Cannot find template location(s): [classpath:/templates/] (please add some templates, check your FreeMarker configuration, or set spring.freemarker.check-template-location=false)
[2024-06-11 11:37:34] WARN  org.springframework.boot.autoconfigure.freemarker.FreeMarkerAutoConfiguration 65 checkTemplateLocationExists - Cannot find template location(s): [classpath:/templates/] (please add some templates, check your FreeMarker configuration, or set spring.freemarker.check-template-location=false)
[2024-06-11 11:45:05] WARN  org.springframework.boot.autoconfigure.freemarker.FreeMarkerAutoConfiguration 65 checkTemplateLocationExists - Cannot find template location(s): [classpath:/templates/] (please add some templates, check your FreeMarker configuration, or set spring.freemarker.check-template-location=false)
[2024-06-11 11:54:07] WARN  org.springframework.boot.autoconfigure.freemarker.FreeMarkerAutoConfiguration 65 checkTemplateLocationExists - Cannot find template location(s): [classpath:/templates/] (please add some templates, check your FreeMarker configuration, or set spring.freemarker.check-template-location=false)
[2024-06-11 12:07:24] WARN  org.springframework.boot.autoconfigure.freemarker.FreeMarkerAutoConfiguration 65 checkTemplateLocationExists - Cannot find template location(s): [classpath:/templates/] (please add some templates, check your FreeMarker configuration, or set spring.freemarker.check-template-location=false)
[2024-06-11 14:13:43] WARN  org.springframework.boot.autoconfigure.freemarker.FreeMarkerAutoConfiguration 65 checkTemplateLocationExists - Cannot find template location(s): [classpath:/templates/] (please add some templates, check your FreeMarker configuration, or set spring.freemarker.check-template-location=false)
[2024-06-11 14:14:20] WARN  org.apache.juli.logging.DirectJDKLog 173 log - The web application [ROOT] appears to have started a thread named [ForkJoinPool.commonPool-worker-9] but has failed to stop it. This is very likely to create a memory leak. Stack trace of thread:
 sun.misc.Unsafe.park(Native Method)
 java.util.concurrent.ForkJoinPool.awaitWork(ForkJoinPool.java:1824)
 java.util.concurrent.ForkJoinPool.runWorker(ForkJoinPool.java:1693)
 java.util.concurrent.ForkJoinWorkerThread.run(ForkJoinWorkerThread.java:157)
[2024-06-11 14:14:20] WARN  org.apache.juli.logging.DirectJDKLog 173 log - The web application [ROOT] appears to have started a thread named [ForkJoinPool.commonPool-worker-2] but has failed to stop it. This is very likely to create a memory leak. Stack trace of thread:
 sun.misc.Unsafe.park(Native Method)
 java.util.concurrent.ForkJoinPool.awaitWork(ForkJoinPool.java:1824)
 java.util.concurrent.ForkJoinPool.runWorker(ForkJoinPool.java:1693)
 java.util.concurrent.ForkJoinWorkerThread.run(ForkJoinWorkerThread.java:157)
[2024-06-11 14:14:20] WARN  org.apache.juli.logging.DirectJDKLog 173 log - The web application [ROOT] appears to have started a thread named [ForkJoinPool.commonPool-worker-11] but has failed to stop it. This is very likely to create a memory leak. Stack trace of thread:
 sun.misc.Unsafe.park(Native Method)
 java.util.concurrent.ForkJoinPool.awaitWork(ForkJoinPool.java:1824)
 java.util.concurrent.ForkJoinPool.runWorker(ForkJoinPool.java:1693)
 java.util.concurrent.ForkJoinWorkerThread.run(ForkJoinWorkerThread.java:157)
[2024-06-11 14:14:20] WARN  org.apache.juli.logging.DirectJDKLog 173 log - The web application [ROOT] appears to have started a thread named [ForkJoinPool.commonPool-worker-4] but has failed to stop it. This is very likely to create a memory leak. Stack trace of thread:
 sun.misc.Unsafe.park(Native Method)
 java.util.concurrent.ForkJoinPool.awaitWork(ForkJoinPool.java:1824)
 java.util.concurrent.ForkJoinPool.runWorker(ForkJoinPool.java:1693)
 java.util.concurrent.ForkJoinWorkerThread.run(ForkJoinWorkerThread.java:157)
[2024-06-11 14:14:20] WARN  org.apache.juli.logging.DirectJDKLog 173 log - The web application [ROOT] appears to have started a thread named [ForkJoinPool.commonPool-worker-13] but has failed to stop it. This is very likely to create a memory leak. Stack trace of thread:
 sun.misc.Unsafe.park(Native Method)
 java.util.concurrent.ForkJoinPool.awaitWork(ForkJoinPool.java:1824)
 java.util.concurrent.ForkJoinPool.runWorker(ForkJoinPool.java:1693)
 java.util.concurrent.ForkJoinWorkerThread.run(ForkJoinWorkerThread.java:157)
[2024-06-11 14:14:20] WARN  org.apache.juli.logging.DirectJDKLog 173 log - The web application [ROOT] appears to have started a thread named [ForkJoinPool.commonPool-worker-6] but has failed to stop it. This is very likely to create a memory leak. Stack trace of thread:
 sun.misc.Unsafe.park(Native Method)
 java.util.concurrent.ForkJoinPool.awaitWork(ForkJoinPool.java:1824)
 java.util.concurrent.ForkJoinPool.runWorker(ForkJoinPool.java:1693)
 java.util.concurrent.ForkJoinWorkerThread.run(ForkJoinWorkerThread.java:157)
[2024-06-11 14:14:21] WARN  org.springframework.boot.autoconfigure.freemarker.FreeMarkerAutoConfiguration 65 checkTemplateLocationExists - Cannot find template location(s): [classpath:/templates/] (please add some templates, check your FreeMarker configuration, or set spring.freemarker.check-template-location=false)
[2024-06-11 14:14:24] WARN  org.springframework.boot.autoconfigure.freemarker.FreeMarkerAutoConfiguration 65 checkTemplateLocationExists - Cannot find template location(s): [classpath:/templates/] (please add some templates, check your FreeMarker configuration, or set spring.freemarker.check-template-location=false)
[2024-06-11 14:14:27] WARN  org.springframework.boot.autoconfigure.freemarker.FreeMarkerAutoConfiguration 65 checkTemplateLocationExists - Cannot find template location(s): [classpath:/templates/] (please add some templates, check your FreeMarker configuration, or set spring.freemarker.check-template-location=false)
[2024-06-11 14:14:35] WARN  org.springframework.boot.autoconfigure.freemarker.FreeMarkerAutoConfiguration 65 checkTemplateLocationExists - Cannot find template location(s): [classpath:/templates/] (please add some templates, check your FreeMarker configuration, or set spring.freemarker.check-template-location=false)
[2024-06-11 14:14:40] WARN  org.springframework.boot.autoconfigure.freemarker.FreeMarkerAutoConfiguration 65 checkTemplateLocationExists - Cannot find template location(s): [classpath:/templates/] (please add some templates, check your FreeMarker configuration, or set spring.freemarker.check-template-location=false)
[2024-06-11 14:14:43] WARN  org.springframework.boot.autoconfigure.freemarker.FreeMarkerAutoConfiguration 65 checkTemplateLocationExists - Cannot find template location(s): [classpath:/templates/] (please add some templates, check your FreeMarker configuration, or set spring.freemarker.check-template-location=false)
[2024-06-11 14:15:40] WARN  org.springframework.boot.autoconfigure.freemarker.FreeMarkerAutoConfiguration 65 checkTemplateLocationExists - Cannot find template location(s): [classpath:/templates/] (please add some templates, check your FreeMarker configuration, or set spring.freemarker.check-template-location=false)
[2024-06-11 14:17:48] WARN  org.springframework.boot.autoconfigure.freemarker.FreeMarkerAutoConfiguration 65 checkTemplateLocationExists - Cannot find template location(s): [classpath:/templates/] (please add some templates, check your FreeMarker configuration, or set spring.freemarker.check-template-location=false)
[2024-06-11 14:17:51] WARN  org.springframework.boot.autoconfigure.freemarker.FreeMarkerAutoConfiguration 65 checkTemplateLocationExists - Cannot find template location(s): [classpath:/templates/] (please add some templates, check your FreeMarker configuration, or set spring.freemarker.check-template-location=false)
[2024-06-11 14:18:29] WARN  org.springframework.boot.autoconfigure.freemarker.FreeMarkerAutoConfiguration 65 checkTemplateLocationExists - Cannot find template location(s): [classpath:/templates/] (please add some templates, check your FreeMarker configuration, or set spring.freemarker.check-template-location=false)
[2024-06-11 14:18:34] WARN  org.springframework.context.support.AbstractApplicationContext 591 refresh - Exception encountered during context initialization - cancelling refresh attempt: org.springframework.beans.factory.BeanCreationException: Error creating bean with name 'requestMappingHandlerMapping' defined in class path resource [org/springframework/boot/autoconfigure/web/servlet/WebMvcAutoConfiguration$EnableWebMvcConfiguration.class]: Invocation of init method failed; nested exception is java.lang.IllegalStateException: Ambiguous mapping. Cannot map 'confirmationController' method 
com.neusoft.neu6053.controller.ConfirmationController#selectConfirmationGroupByParams(Integer, Integer, Confirmation)
to {POST [/conf/select/selectByParams]}: There is already 'confirmationController' bean method
com.neusoft.neu6053.controller.ConfirmationController#selectConfirmationByParams(Integer, Integer, Confirmation) mapped.
[2024-06-11 14:19:37] WARN  org.springframework.context.support.AbstractApplicationContext 591 refresh - Exception encountered during context initialization - cancelling refresh attempt: org.springframework.beans.factory.BeanCreationException: Error creating bean with name 'requestMappingHandlerMapping' defined in class path resource [org/springframework/boot/autoconfigure/web/servlet/WebMvcAutoConfiguration$EnableWebMvcConfiguration.class]: Invocation of init method failed; nested exception is java.lang.IllegalStateException: Ambiguous mapping. Cannot map 'confirmationController' method 
com.neusoft.neu6053.controller.ConfirmationController#selectConfirmationGroupByParams(Integer, Integer, Confirmation)
to {POST [/conf/select/selectByParams]}: There is already 'confirmationController' bean method
com.neusoft.neu6053.controller.ConfirmationController#selectConfirmationByParams(Integer, Integer, Confirmation) mapped.
[2024-06-11 14:19:41] WARN  org.springframework.boot.autoconfigure.freemarker.FreeMarkerAutoConfiguration 65 checkTemplateLocationExists - Cannot find template location(s): [classpath:/templates/] (please add some templates, check your FreeMarker configuration, or set spring.freemarker.check-template-location=false)
[2024-06-11 14:19:44] WARN  org.springframework.boot.autoconfigure.freemarker.FreeMarkerAutoConfiguration 65 checkTemplateLocationExists - Cannot find template location(s): [classpath:/templates/] (please add some templates, check your FreeMarker configuration, or set spring.freemarker.check-template-location=false)
[2024-06-11 14:20:12] WARN  org.springframework.boot.autoconfigure.freemarker.FreeMarkerAutoConfiguration 65 checkTemplateLocationExists - Cannot find template location(s): [classpath:/templates/] (please add some templates, check your FreeMarker configuration, or set spring.freemarker.check-template-location=false)
[2024-06-11 14:20:16] WARN  org.springframework.boot.autoconfigure.freemarker.FreeMarkerAutoConfiguration 65 checkTemplateLocationExists - Cannot find template location(s): [classpath:/templates/] (please add some templates, check your FreeMarker configuration, or set spring.freemarker.check-template-location=false)
[2024-06-11 14:20:47] WARN  org.springframework.boot.autoconfigure.freemarker.FreeMarkerAutoConfiguration 65 checkTemplateLocationExists - Cannot find template location(s): [classpath:/templates/] (please add some templates, check your FreeMarker configuration, or set spring.freemarker.check-template-location=false)
[2024-06-11 14:20:52] WARN  org.springframework.boot.autoconfigure.freemarker.FreeMarkerAutoConfiguration 65 checkTemplateLocationExists - Cannot find template location(s): [classpath:/templates/] (please add some templates, check your FreeMarker configuration, or set spring.freemarker.check-template-location=false)
[2024-06-11 14:22:03] WARN  org.springframework.boot.autoconfigure.freemarker.FreeMarkerAutoConfiguration 65 checkTemplateLocationExists - Cannot find template location(s): [classpath:/templates/] (please add some templates, check your FreeMarker configuration, or set spring.freemarker.check-template-location=false)
[2024-06-11 14:22:06] WARN  org.springframework.boot.autoconfigure.freemarker.FreeMarkerAutoConfiguration 65 checkTemplateLocationExists - Cannot find template location(s): [classpath:/templates/] (please add some templates, check your FreeMarker configuration, or set spring.freemarker.check-template-location=false)
[2024-06-11 14:23:21] WARN  org.apache.juli.logging.DirectJDKLog 173 log - The web application [ROOT] appears to have started a thread named [ForkJoinPool.commonPool-worker-10] but has failed to stop it. This is very likely to create a memory leak. Stack trace of thread:
 sun.misc.Unsafe.park(Native Method)
 java.util.concurrent.ForkJoinPool.awaitWork(ForkJoinPool.java:1824)
 java.util.concurrent.ForkJoinPool.runWorker(ForkJoinPool.java:1693)
 java.util.concurrent.ForkJoinWorkerThread.run(ForkJoinWorkerThread.java:157)
[2024-06-11 14:23:21] WARN  org.apache.juli.logging.DirectJDKLog 173 log - The web application [ROOT] appears to have started a thread named [ForkJoinPool.commonPool-worker-3] but has failed to stop it. This is very likely to create a memory leak. Stack trace of thread:
 sun.misc.Unsafe.park(Native Method)
 java.util.concurrent.ForkJoinPool.awaitWork(ForkJoinPool.java:1824)
 java.util.concurrent.ForkJoinPool.runWorker(ForkJoinPool.java:1693)
 java.util.concurrent.ForkJoinWorkerThread.run(ForkJoinWorkerThread.java:157)
[2024-06-11 14:23:21] WARN  org.apache.juli.logging.DirectJDKLog 173 log - The web application [ROOT] appears to have started a thread named [ForkJoinPool.commonPool-worker-12] but has failed to stop it. This is very likely to create a memory leak. Stack trace of thread:
 sun.misc.Unsafe.park(Native Method)
 java.util.concurrent.ForkJoinPool.awaitWork(ForkJoinPool.java:1824)
 java.util.concurrent.ForkJoinPool.runWorker(ForkJoinPool.java:1693)
 java.util.concurrent.ForkJoinWorkerThread.run(ForkJoinWorkerThread.java:157)
[2024-06-11 14:23:21] WARN  org.apache.juli.logging.DirectJDKLog 173 log - The web application [ROOT] appears to have started a thread named [ForkJoinPool.commonPool-worker-5] but has failed to stop it. This is very likely to create a memory leak. Stack trace of thread:
 sun.misc.Unsafe.park(Native Method)
 java.util.concurrent.ForkJoinPool.awaitWork(ForkJoinPool.java:1824)
 java.util.concurrent.ForkJoinPool.runWorker(ForkJoinPool.java:1693)
 java.util.concurrent.ForkJoinWorkerThread.run(ForkJoinWorkerThread.java:157)
[2024-06-11 14:23:22] WARN  org.springframework.boot.autoconfigure.freemarker.FreeMarkerAutoConfiguration 65 checkTemplateLocationExists - Cannot find template location(s): [classpath:/templates/] (please add some templates, check your FreeMarker configuration, or set spring.freemarker.check-template-location=false)
[2024-06-11 14:23:25] WARN  org.springframework.boot.autoconfigure.freemarker.FreeMarkerAutoConfiguration 65 checkTemplateLocationExists - Cannot find template location(s): [classpath:/templates/] (please add some templates, check your FreeMarker configuration, or set spring.freemarker.check-template-location=false)
[2024-06-11 14:25:02] WARN  org.springframework.boot.autoconfigure.freemarker.FreeMarkerAutoConfiguration 65 checkTemplateLocationExists - Cannot find template location(s): [classpath:/templates/] (please add some templates, check your FreeMarker configuration, or set spring.freemarker.check-template-location=false)
[2024-06-11 14:26:06] WARN  org.springframework.boot.autoconfigure.freemarker.FreeMarkerAutoConfiguration 65 checkTemplateLocationExists - Cannot find template location(s): [classpath:/templates/] (please add some templates, check your FreeMarker configuration, or set spring.freemarker.check-template-location=false)
[2024-06-11 14:26:11] WARN  org.springframework.boot.autoconfigure.freemarker.FreeMarkerAutoConfiguration 65 checkTemplateLocationExists - Cannot find template location(s): [classpath:/templates/] (please add some templates, check your FreeMarker configuration, or set spring.freemarker.check-template-location=false)
[2024-06-11 14:40:45] WARN  org.apache.juli.logging.DirectJDKLog 173 log - The web application [ROOT] appears to have started a thread named [Druid-ConnectionPool-Create-240743876] but has failed to stop it. This is very likely to create a memory leak. Stack trace of thread:
 sun.misc.Unsafe.park(Native Method)
 java.util.concurrent.locks.LockSupport.park(LockSupport.java:175)
 java.util.concurrent.locks.AbstractQueuedSynchronizer$ConditionObject.await(AbstractQueuedSynchronizer.java:2039)
 com.alibaba.druid.pool.DruidDataSource$CreateConnectionThread.run(DruidDataSource.java:2885)
[2024-06-11 14:40:45] WARN  org.apache.juli.logging.DirectJDKLog 173 log - The web application [ROOT] appears to have started a thread named [Druid-ConnectionPool-Destroy-240743876] but has failed to stop it. This is very likely to create a memory leak. Stack trace of thread:
 java.lang.Thread.sleep(Native Method)
 com.alibaba.druid.pool.DruidDataSource$DestroyConnectionThread.run(DruidDataSource.java:2984)
[2024-06-11 14:40:46] WARN  org.springframework.boot.autoconfigure.freemarker.FreeMarkerAutoConfiguration 65 checkTemplateLocationExists - Cannot find template location(s): [classpath:/templates/] (please add some templates, check your FreeMarker configuration, or set spring.freemarker.check-template-location=false)
[2024-06-11 14:40:50] WARN  org.springframework.context.support.AbstractApplicationContext 591 refresh - Exception encountered during context initialization - cancelling refresh attempt: org.springframework.beans.factory.UnsatisfiedDependencyException: Error creating bean with name 'confirmationController' defined in file [D:\gitRepository\NEU605-3\target\classes\com\neusoft\neu6053\controller\ConfirmationController.class]: Unsatisfied dependency expressed through constructor parameter 0; nested exception is org.springframework.beans.factory.NoSuchBeanDefinitionException: No qualifying bean of type 'com.neusoft.neu6053.services.ConfirmationService' available: expected at least 1 bean which qualifies as autowire candidate. Dependency annotations: {}
[2024-06-11 14:40:53] WARN  org.springframework.boot.autoconfigure.freemarker.FreeMarkerAutoConfiguration 65 checkTemplateLocationExists - Cannot find template location(s): [classpath:/templates/] (please add some templates, check your FreeMarker configuration, or set spring.freemarker.check-template-location=false)
[2024-06-11 14:50:01] WARN  org.apache.juli.logging.DirectJDKLog 173 log - The web application [ROOT] appears to have started a thread named [Druid-ConnectionPool-Create-705337106] but has failed to stop it. This is very likely to create a memory leak. Stack trace of thread:
 sun.misc.Unsafe.park(Native Method)
 java.util.concurrent.locks.LockSupport.park(LockSupport.java:175)
 java.util.concurrent.locks.AbstractQueuedSynchronizer$ConditionObject.await(AbstractQueuedSynchronizer.java:2039)
 com.alibaba.druid.pool.DruidDataSource$CreateConnectionThread.run(DruidDataSource.java:2885)
[2024-06-11 14:50:01] WARN  org.apache.juli.logging.DirectJDKLog 173 log - The web application [ROOT] appears to have started a thread named [Druid-ConnectionPool-Destroy-705337106] but has failed to stop it. This is very likely to create a memory leak. Stack trace of thread:
 java.lang.Thread.sleep(Native Method)
 com.alibaba.druid.pool.DruidDataSource$DestroyConnectionThread.run(DruidDataSource.java:2984)
[2024-06-11 14:50:02] WARN  org.springframework.boot.autoconfigure.freemarker.FreeMarkerAutoConfiguration 65 checkTemplateLocationExists - Cannot find template location(s): [classpath:/templates/] (please add some templates, check your FreeMarker configuration, or set spring.freemarker.check-template-location=false)
[2024-06-11 14:50:11] WARN  org.springframework.context.support.AbstractApplicationContext 591 refresh - Exception encountered during context initialization - cancelling refresh attempt: org.springframework.beans.factory.UnsatisfiedDependencyException: Error creating bean with name 'confirmationController' defined in file [D:\gitRepository\NEU605-3\target\classes\com\neusoft\neu6053\controller\ConfirmationController.class]: Unsatisfied dependency expressed through constructor parameter 0; nested exception is org.springframework.beans.factory.NoSuchBeanDefinitionException: No qualifying bean of type 'com.neusoft.neu6053.services.ConfirmationService' available: expected at least 1 bean which qualifies as autowire candidate. Dependency annotations: {}
[2024-06-11 14:50:13] WARN  org.springframework.boot.autoconfigure.freemarker.FreeMarkerAutoConfiguration 65 checkTemplateLocationExists - Cannot find template location(s): [classpath:/templates/] (please add some templates, check your FreeMarker configuration, or set spring.freemarker.check-template-location=false)
[2024-06-11 14:55:55] WARN  org.springframework.boot.autoconfigure.freemarker.FreeMarkerAutoConfiguration 65 checkTemplateLocationExists - Cannot find template location(s): [classpath:/templates/] (please add some templates, check your FreeMarker configuration, or set spring.freemarker.check-template-location=false)
[2024-06-11 14:55:58] WARN  org.mybatis.logging.Logger 44 warn - No MyBatis mapper was found in '[com.neusoft.neu6053]' package. Please check your configuration.
[2024-06-11 14:55:58] WARN  org.springframework.context.support.AbstractApplicationContext 591 refresh - Exception encountered during context initialization - cancelling refresh attempt: org.springframework.beans.factory.UnsatisfiedDependencyException: Error creating bean with name 'adminController' defined in file [D:\gitRepository\NEU605-3\target\classes\com\neusoft\neu6053\controller\AdminController.class]: Unsatisfied dependency expressed through constructor parameter 0; nested exception is org.springframework.beans.factory.UnsatisfiedDependencyException: Error creating bean with name 'adminServiceImpl' defined in file [D:\gitRepository\NEU605-3\target\classes\com\neusoft\neu6053\services\impl\AdminServiceImpl.class]: Unsatisfied dependency expressed through constructor parameter 0; nested exception is org.springframework.beans.factory.NoSuchBeanDefinitionException: No qualifying bean of type 'com.neusoft.neu6053.dao.mapper.AdminMapper' available: expected at least 1 bean which qualifies as autowire candidate. Dependency annotations: {}
[2024-06-11 14:56:00] WARN  org.springframework.boot.autoconfigure.freemarker.FreeMarkerAutoConfiguration 65 checkTemplateLocationExists - Cannot find template location(s): [classpath:/templates/] (please add some templates, check your FreeMarker configuration, or set spring.freemarker.check-template-location=false)
[2024-06-11 14:58:57] WARN  org.apache.juli.logging.DirectJDKLog 173 log - The web application [ROOT] appears to have started a thread named [Druid-ConnectionPool-Create-1293406261] but has failed to stop it. This is very likely to create a memory leak. Stack trace of thread:
 sun.misc.Unsafe.park(Native Method)
 java.util.concurrent.locks.LockSupport.park(LockSupport.java:175)
 java.util.concurrent.locks.AbstractQueuedSynchronizer$ConditionObject.await(AbstractQueuedSynchronizer.java:2039)
 com.alibaba.druid.pool.DruidDataSource$CreateConnectionThread.run(DruidDataSource.java:2885)
[2024-06-11 14:58:57] WARN  org.apache.juli.logging.DirectJDKLog 173 log - The web application [ROOT] appears to have started a thread named [Druid-ConnectionPool-Destroy-1293406261] but has failed to stop it. This is very likely to create a memory leak. Stack trace of thread:
 java.lang.Thread.sleep(Native Method)
 com.alibaba.druid.pool.DruidDataSource$DestroyConnectionThread.run(DruidDataSource.java:2984)
[2024-06-11 14:58:58] WARN  org.springframework.boot.autoconfigure.freemarker.FreeMarkerAutoConfiguration 65 checkTemplateLocationExists - Cannot find template location(s): [classpath:/templates/] (please add some templates, check your FreeMarker configuration, or set spring.freemarker.check-template-location=false)
[2024-06-11 14:59:01] WARN  org.springframework.boot.autoconfigure.freemarker.FreeMarkerAutoConfiguration 65 checkTemplateLocationExists - Cannot find template location(s): [classpath:/templates/] (please add some templates, check your FreeMarker configuration, or set spring.freemarker.check-template-location=false)
[2024-06-11 14:59:04] WARN  org.springframework.boot.autoconfigure.freemarker.FreeMarkerAutoConfiguration 65 checkTemplateLocationExists - Cannot find template location(s): [classpath:/templates/] (please add some templates, check your FreeMarker configuration, or set spring.freemarker.check-template-location=false)
[2024-06-11 15:04:44] WARN  org.springframework.boot.autoconfigure.freemarker.FreeMarkerAutoConfiguration 65 checkTemplateLocationExists - Cannot find template location(s): [classpath:/templates/] (please add some templates, check your FreeMarker configuration, or set spring.freemarker.check-template-location=false)
[2024-06-11 15:04:47] WARN  org.springframework.boot.autoconfigure.freemarker.FreeMarkerAutoConfiguration 65 checkTemplateLocationExists - Cannot find template location(s): [classpath:/templates/] (please add some templates, check your FreeMarker configuration, or set spring.freemarker.check-template-location=false)
[2024-06-11 15:04:50] WARN  org.springframework.boot.autoconfigure.freemarker.FreeMarkerAutoConfiguration 65 checkTemplateLocationExists - Cannot find template location(s): [classpath:/templates/] (please add some templates, check your FreeMarker configuration, or set spring.freemarker.check-template-location=false)
[2024-06-11 15:05:37] WARN  org.springframework.boot.autoconfigure.freemarker.FreeMarkerAutoConfiguration 65 checkTemplateLocationExists - Cannot find template location(s): [classpath:/templates/] (please add some templates, check your FreeMarker configuration, or set spring.freemarker.check-template-location=false)
[2024-06-11 15:05:40] WARN  org.springframework.boot.autoconfigure.freemarker.FreeMarkerAutoConfiguration 65 checkTemplateLocationExists - Cannot find template location(s): [classpath:/templates/] (please add some templates, check your FreeMarker configuration, or set spring.freemarker.check-template-location=false)
[2024-06-11 15:05:54] WARN  org.springframework.boot.autoconfigure.freemarker.FreeMarkerAutoConfiguration 65 checkTemplateLocationExists - Cannot find template location(s): [classpath:/templates/] (please add some templates, check your FreeMarker configuration, or set spring.freemarker.check-template-location=false)
[2024-06-11 15:05:57] WARN  org.springframework.boot.autoconfigure.freemarker.FreeMarkerAutoConfiguration 65 checkTemplateLocationExists - Cannot find template location(s): [classpath:/templates/] (please add some templates, check your FreeMarker configuration, or set spring.freemarker.check-template-location=false)
[2024-06-11 15:06:09] WARN  org.springframework.boot.autoconfigure.freemarker.FreeMarkerAutoConfiguration 65 checkTemplateLocationExists - Cannot find template location(s): [classpath:/templates/] (please add some templates, check your FreeMarker configuration, or set spring.freemarker.check-template-location=false)
[2024-06-11 15:06:15] WARN  org.springframework.boot.autoconfigure.freemarker.FreeMarkerAutoConfiguration 65 checkTemplateLocationExists - Cannot find template location(s): [classpath:/templates/] (please add some templates, check your FreeMarker configuration, or set spring.freemarker.check-template-location=false)
[2024-06-11 15:06:21] WARN  org.springframework.boot.autoconfigure.freemarker.FreeMarkerAutoConfiguration 65 checkTemplateLocationExists - Cannot find template location(s): [classpath:/templates/] (please add some templates, check your FreeMarker configuration, or set spring.freemarker.check-template-location=false)
[2024-06-11 15:06:28] WARN  org.springframework.boot.autoconfigure.freemarker.FreeMarkerAutoConfiguration 65 checkTemplateLocationExists - Cannot find template location(s): [classpath:/templates/] (please add some templates, check your FreeMarker configuration, or set spring.freemarker.check-template-location=false)
[2024-06-11 15:06:43] WARN  org.springframework.boot.autoconfigure.freemarker.FreeMarkerAutoConfiguration 65 checkTemplateLocationExists - Cannot find template location(s): [classpath:/templates/] (please add some templates, check your FreeMarker configuration, or set spring.freemarker.check-template-location=false)
[2024-06-11 15:06:54] WARN  org.springframework.boot.autoconfigure.freemarker.FreeMarkerAutoConfiguration 65 checkTemplateLocationExists - Cannot find template location(s): [classpath:/templates/] (please add some templates, check your FreeMarker configuration, or set spring.freemarker.check-template-location=false)
[2024-06-11 15:06:59] WARN  org.springframework.boot.autoconfigure.freemarker.FreeMarkerAutoConfiguration 65 checkTemplateLocationExists - Cannot find template location(s): [classpath:/templates/] (please add some templates, check your FreeMarker configuration, or set spring.freemarker.check-template-location=false)
[2024-06-11 15:13:26] WARN  org.springframework.boot.autoconfigure.freemarker.FreeMarkerAutoConfiguration 65 checkTemplateLocationExists - Cannot find template location(s): [classpath:/templates/] (please add some templates, check your FreeMarker configuration, or set spring.freemarker.check-template-location=false)
[2024-06-11 15:16:31] WARN  org.springframework.boot.autoconfigure.freemarker.FreeMarkerAutoConfiguration 65 checkTemplateLocationExists - Cannot find template location(s): [classpath:/templates/] (please add some templates, check your FreeMarker configuration, or set spring.freemarker.check-template-location=false)
[2024-06-11 15:16:34] WARN  org.apache.juli.logging.DirectJDKLog 173 log - The web application [ROOT] appears to have started a thread named [ForkJoinPool.commonPool-worker-2] but has failed to stop it. This is very likely to create a memory leak. Stack trace of thread:
 sun.misc.Unsafe.park(Native Method)
 java.util.concurrent.ForkJoinPool.awaitWork(ForkJoinPool.java:1824)
 java.util.concurrent.ForkJoinPool.runWorker(ForkJoinPool.java:1693)
 java.util.concurrent.ForkJoinWorkerThread.run(ForkJoinWorkerThread.java:157)
[2024-06-11 15:16:34] WARN  org.apache.juli.logging.DirectJDKLog 173 log - The web application [ROOT] appears to have started a thread named [ForkJoinPool.commonPool-worker-11] but has failed to stop it. This is very likely to create a memory leak. Stack trace of thread:
 sun.misc.Unsafe.park(Native Method)
 java.util.concurrent.ForkJoinPool.awaitWork(ForkJoinPool.java:1824)
 java.util.concurrent.ForkJoinPool.runWorker(ForkJoinPool.java:1693)
 java.util.concurrent.ForkJoinWorkerThread.run(ForkJoinWorkerThread.java:157)
[2024-06-11 15:16:34] WARN  org.apache.juli.logging.DirectJDKLog 173 log - The web application [ROOT] appears to have started a thread named [ForkJoinPool.commonPool-worker-4] but has failed to stop it. This is very likely to create a memory leak. Stack trace of thread:
 sun.misc.Unsafe.park(Native Method)
 java.util.concurrent.ForkJoinPool.awaitWork(ForkJoinPool.java:1824)
 java.util.concurrent.ForkJoinPool.runWorker(ForkJoinPool.java:1693)
 java.util.concurrent.ForkJoinWorkerThread.run(ForkJoinWorkerThread.java:157)
[2024-06-11 15:16:34] WARN  org.apache.juli.logging.DirectJDKLog 173 log - The web application [ROOT] appears to have started a thread named [ForkJoinPool.commonPool-worker-13] but has failed to stop it. This is very likely to create a memory leak. Stack trace of thread:
 sun.misc.Unsafe.park(Native Method)
 java.util.concurrent.ForkJoinPool.awaitWork(ForkJoinPool.java:1824)
 java.util.concurrent.ForkJoinPool.runWorker(ForkJoinPool.java:1693)
 java.util.concurrent.ForkJoinWorkerThread.run(ForkJoinWorkerThread.java:157)
[2024-06-11 15:16:34] WARN  org.apache.juli.logging.DirectJDKLog 173 log - The web application [ROOT] appears to have started a thread named [ForkJoinPool.commonPool-worker-15] but has failed to stop it. This is very likely to create a memory leak. Stack trace of thread:
 sun.misc.Unsafe.park(Native Method)
 java.util.concurrent.ForkJoinPool.awaitWork(ForkJoinPool.java:1824)
 java.util.concurrent.ForkJoinPool.runWorker(ForkJoinPool.java:1693)
 java.util.concurrent.ForkJoinWorkerThread.run(ForkJoinWorkerThread.java:157)
[2024-06-11 15:16:34] WARN  org.apache.juli.logging.DirectJDKLog 173 log - The web application [ROOT] appears to have started a thread named [ForkJoinPool.commonPool-worker-6] but has failed to stop it. This is very likely to create a memory leak. Stack trace of thread:
 sun.misc.Unsafe.park(Native Method)
 java.util.concurrent.ForkJoinPool.awaitWork(ForkJoinPool.java:1824)
 java.util.concurrent.ForkJoinPool.runWorker(ForkJoinPool.java:1693)
 java.util.concurrent.ForkJoinWorkerThread.run(ForkJoinWorkerThread.java:157)
[2024-06-11 15:16:35] WARN  org.springframework.boot.autoconfigure.freemarker.FreeMarkerAutoConfiguration 65 checkTemplateLocationExists - Cannot find template location(s): [classpath:/templates/] (please add some templates, check your FreeMarker configuration, or set spring.freemarker.check-template-location=false)
[2024-06-11 15:18:23] WARN  org.apache.juli.logging.DirectJDKLog 173 log - The web application [ROOT] appears to have started a thread named [Druid-ConnectionPool-Create-102700194] but has failed to stop it. This is very likely to create a memory leak. Stack trace of thread:
 sun.misc.Unsafe.park(Native Method)
 java.util.concurrent.locks.LockSupport.park(LockSupport.java:175)
 java.util.concurrent.locks.AbstractQueuedSynchronizer$ConditionObject.await(AbstractQueuedSynchronizer.java:2039)
 com.alibaba.druid.pool.DruidDataSource$CreateConnectionThread.run(DruidDataSource.java:2885)
[2024-06-11 15:18:23] WARN  org.apache.juli.logging.DirectJDKLog 173 log - The web application [ROOT] appears to have started a thread named [Druid-ConnectionPool-Destroy-102700194] but has failed to stop it. This is very likely to create a memory leak. Stack trace of thread:
 java.lang.Thread.sleep(Native Method)
 com.alibaba.druid.pool.DruidDataSource$DestroyConnectionThread.run(DruidDataSource.java:2984)
[2024-06-11 15:18:24] WARN  org.springframework.boot.autoconfigure.freemarker.FreeMarkerAutoConfiguration 65 checkTemplateLocationExists - Cannot find template location(s): [classpath:/templates/] (please add some templates, check your FreeMarker configuration, or set spring.freemarker.check-template-location=false)
[2024-06-11 15:18:28] WARN  org.springframework.boot.autoconfigure.freemarker.FreeMarkerAutoConfiguration 65 checkTemplateLocationExists - Cannot find template location(s): [classpath:/templates/] (please add some templates, check your FreeMarker configuration, or set spring.freemarker.check-template-location=false)
[2024-06-11 15:20:38] WARN  org.springframework.boot.autoconfigure.freemarker.FreeMarkerAutoConfiguration 65 checkTemplateLocationExists - Cannot find template location(s): [classpath:/templates/] (please add some templates, check your FreeMarker configuration, or set spring.freemarker.check-template-location=false)
[2024-06-11 15:20:41] WARN  org.springframework.boot.autoconfigure.freemarker.FreeMarkerAutoConfiguration 65 checkTemplateLocationExists - Cannot find template location(s): [classpath:/templates/] (please add some templates, check your FreeMarker configuration, or set spring.freemarker.check-template-location=false)
[2024-06-11 15:23:14] WARN  org.springframework.boot.autoconfigure.freemarker.FreeMarkerAutoConfiguration 65 checkTemplateLocationExists - Cannot find template location(s): [classpath:/templates/] (please add some templates, check your FreeMarker configuration, or set spring.freemarker.check-template-location=false)
[2024-06-11 15:27:31] WARN  org.apache.juli.logging.DirectJDKLog 173 log - The web application [ROOT] appears to have started a thread named [Druid-ConnectionPool-Create-326057100] but has failed to stop it. This is very likely to create a memory leak. Stack trace of thread:
 sun.misc.Unsafe.park(Native Method)
 java.util.concurrent.locks.LockSupport.park(LockSupport.java:175)
 java.util.concurrent.locks.AbstractQueuedSynchronizer$ConditionObject.await(AbstractQueuedSynchronizer.java:2039)
 com.alibaba.druid.pool.DruidDataSource$CreateConnectionThread.run(DruidDataSource.java:2885)
[2024-06-11 15:27:31] WARN  org.apache.juli.logging.DirectJDKLog 173 log - The web application [ROOT] appears to have started a thread named [Druid-ConnectionPool-Destroy-326057100] but has failed to stop it. This is very likely to create a memory leak. Stack trace of thread:
 java.lang.Thread.sleep(Native Method)
 com.alibaba.druid.pool.DruidDataSource$DestroyConnectionThread.run(DruidDataSource.java:2984)
[2024-06-11 15:27:32] WARN  org.springframework.boot.autoconfigure.freemarker.FreeMarkerAutoConfiguration 65 checkTemplateLocationExists - Cannot find template location(s): [classpath:/templates/] (please add some templates, check your FreeMarker configuration, or set spring.freemarker.check-template-location=false)
[2024-06-11 15:27:36] WARN  org.springframework.boot.autoconfigure.freemarker.FreeMarkerAutoConfiguration 65 checkTemplateLocationExists - Cannot find template location(s): [classpath:/templates/] (please add some templates, check your FreeMarker configuration, or set spring.freemarker.check-template-location=false)
[2024-06-11 15:27:39] WARN  org.springframework.boot.autoconfigure.freemarker.FreeMarkerAutoConfiguration 65 checkTemplateLocationExists - Cannot find template location(s): [classpath:/templates/] (please add some templates, check your FreeMarker configuration, or set spring.freemarker.check-template-location=false)
